skenario5ms/skenario1
end simulation
num_nodes is set 30
channel.cc:sendUp - Calc highestAntennaZ_ and distCST_
highestAntennaZ_ = 1.5,  distCST_ = 550.0
skenario5ms/skenario2
end simulation
num_nodes is set 30
channel.cc:sendUp - Calc highestAntennaZ_ and distCST_
highestAntennaZ_ = 1.5,  distCST_ = 550.0
skenario5ms/skenario3
end simulation
num_nodes is set 30
channel.cc:sendUp - Calc highestAntennaZ_ and distCST_
highestAntennaZ_ = 1.5,  distCST_ = 550.0
skenario5ms/skenario4
end simulation
num_nodes is set 30
channel.cc:sendUp - Calc highestAntennaZ_ and distCST_
highestAntennaZ_ = 1.5,  distCST_ = 550.0
skenario5ms/skenario5
end simulation
num_nodes is set 30
channel.cc:sendUp - Calc highestAntennaZ_ and distCST_
highestAntennaZ_ = 1.5,  distCST_ = 550.0
skenario5ms/skenario6
end simulation
num_nodes is set 30
channel.cc:sendUp - Calc highestAntennaZ_ and distCST_
highestAntennaZ_ = 1.5,  distCST_ = 550.0
skenario5ms/skenario7
end simulation
num_nodes is set 30
channel.cc:sendUp - Calc highestAntennaZ_ and distCST_
highestAntennaZ_ = 1.5,  distCST_ = 550.0
skenario5ms/skenario8
end simulation
num_nodes is set 30
channel.cc:sendUp - Calc highestAntennaZ_ and distCST_
highestAntennaZ_ = 1.5,  distCST_ = 550.0
skenario5ms/skenario9
end simulation
num_nodes is set 30
channel.cc:sendUp - Calc highestAntennaZ_ and distCST_
highestAntennaZ_ = 1.5,  distCST_ = 550.0
skenario5ms/skenario10
end simulation
num_nodes is set 30
channel.cc:sendUp - Calc highestAntennaZ_ and distCST_
highestAntennaZ_ = 1.5,  distCST_ = 550.0
skenario10ms/skenario1
end simulation
num_nodes is set 30
channel.cc:sendUp - Calc highestAntennaZ_ and distCST_
highestAntennaZ_ = 1.5,  distCST_ = 550.0
skenario10ms/skenario2
end simulation
num_nodes is set 30
channel.cc:sendUp - Calc highestAntennaZ_ and distCST_
highestAntennaZ_ = 1.5,  distCST_ = 550.0
skenario10ms/skenario3
end simulation
num_nodes is set 30
channel.cc:sendUp - Calc highestAntennaZ_ and distCST_
highestAntennaZ_ = 1.5,  distCST_ = 550.0
skenario10ms/skenario4
end simulation
num_nodes is set 30
channel.cc:sendUp - Calc highestAntennaZ_ and distCST_
highestAntennaZ_ = 1.5,  distCST_ = 550.0
skenario10ms/skenario5
end simulation
num_nodes is set 30
channel.cc:sendUp - Calc highestAntennaZ_ and distCST_
highestAntennaZ_ = 1.5,  distCST_ = 550.0
skenario10ms/skenario6
end simulation
num_nodes is set 30
channel.cc:sendUp - Calc highestAntennaZ_ and distCST_
highestAntennaZ_ = 1.5,  distCST_ = 550.0
skenario10ms/skenario7
end simulation
num_nodes is set 30
channel.cc:sendUp - Calc highestAntennaZ_ and distCST_
highestAntennaZ_ = 1.5,  distCST_ = 550.0
skenario10ms/skenario8
end simulation
num_nodes is set 30
channel.cc:sendUp - Calc highestAntennaZ_ and distCST_
highestAntennaZ_ = 1.5,  distCST_ = 550.0
skenario10ms/skenario9
end simulation
num_nodes is set 30
channel.cc:sendUp - Calc highestAntennaZ_ and distCST_
highestAntennaZ_ = 1.5,  distCST_ = 550.0
skenario10ms/skenario10
end simulation
num_nodes is set 30
channel.cc:sendUp - Calc highestAntennaZ_ and distCST_
highestAntennaZ_ = 1.5,  distCST_ = 550.0
skenario15ms/skenario1
end simulation
num_nodes is set 30
channel.cc:sendUp - Calc highestAntennaZ_ and distCST_
highestAntennaZ_ = 1.5,  distCST_ = 550.0
skenario15ms/skenario2
end simulation
num_nodes is set 30
channel.cc:sendUp - Calc highestAntennaZ_ and distCST_
highestAntennaZ_ = 1.5,  distCST_ = 550.0
skenario15ms/skenario3
end simulation
num_nodes is set 30
channel.cc:sendUp - Calc highestAntennaZ_ and distCST_
highestAntennaZ_ = 1.5,  distCST_ = 550.0
skenario15ms/skenario4
end simulation
num_nodes is set 30
channel.cc:sendUp - Calc highestAntennaZ_ and distCST_
highestAntennaZ_ = 1.5,  distCST_ = 550.0
skenario15ms/skenario5
end simulation
num_nodes is set 30
channel.cc:sendUp - Calc highestAntennaZ_ and distCST_
highestAntennaZ_ = 1.5,  distCST_ = 550.0
skenario15ms/skenario6
end simulation
num_nodes is set 30
channel.cc:sendUp - Calc highestAntennaZ_ and distCST_
highestAntennaZ_ = 1.5,  distCST_ = 550.0
skenario15ms/skenario7
end simulation
num_nodes is set 30
channel.cc:sendUp - Calc highestAntennaZ_ and distCST_
highestAntennaZ_ = 1.5,  distCST_ = 550.0
skenario15ms/skenario8
end simulation
num_nodes is set 30
channel.cc:sendUp - Calc highestAntennaZ_ and distCST_
highestAntennaZ_ = 1.5,  distCST_ = 550.0
skenario15ms/skenario9
end simulation
num_nodes is set 30
channel.cc:sendUp - Calc highestAntennaZ_ and distCST_
highestAntennaZ_ = 1.5,  distCST_ = 550.0
skenario15ms/skenario10
end simulation
num_nodes is set 30
channel.cc:sendUp - Calc highestAntennaZ_ and distCST_
highestAntennaZ_ = 1.5,  distCST_ = 550.0
skenario20ms/skenario1
end simulation
num_nodes is set 30
channel.cc:sendUp - Calc highestAntennaZ_ and distCST_
highestAntennaZ_ = 1.5,  distCST_ = 550.0
skenario20ms/skenario2
end simulation
num_nodes is set 30
channel.cc:sendUp - Calc highestAntennaZ_ and distCST_
highestAntennaZ_ = 1.5,  distCST_ = 550.0
skenario20ms/skenario3
end simulation
num_nodes is set 30
channel.cc:sendUp - Calc highestAntennaZ_ and distCST_
highestAntennaZ_ = 1.5,  distCST_ = 550.0
skenario20ms/skenario4
end simulation
num_nodes is set 30
channel.cc:sendUp - Calc highestAntennaZ_ and distCST_
highestAntennaZ_ = 1.5,  distCST_ = 550.0
skenario20ms/skenario5
end simulation
num_nodes is set 30
channel.cc:sendUp - Calc highestAntennaZ_ and distCST_
highestAntennaZ_ = 1.5,  distCST_ = 550.0
skenario20ms/skenario6
end simulation
num_nodes is set 30
channel.cc:sendUp - Calc highestAntennaZ_ and distCST_
highestAntennaZ_ = 1.5,  distCST_ = 550.0
skenario20ms/skenario7
end simulation
num_nodes is set 30
channel.cc:sendUp - Calc highestAntennaZ_ and distCST_
highestAntennaZ_ = 1.5,  distCST_ = 550.0
skenario20ms/skenario8
end simulation
num_nodes is set 30
channel.cc:sendUp - Calc highestAntennaZ_ and distCST_
highestAntennaZ_ = 1.5,  distCST_ = 550.0
skenario20ms/skenario9
end simulation
num_nodes is set 30
channel.cc:sendUp - Calc highestAntennaZ_ and distCST_
highestAntennaZ_ = 1.5,  distCST_ = 550.0
skenario20ms/skenario10
end simulation
num_nodes is set 30
channel.cc:sendUp - Calc highestAntennaZ_ and distCST_
highestAntennaZ_ = 1.5,  distCST_ = 550.0
skenario25ms/skenario1
end simulation
num_nodes is set 30
channel.cc:sendUp - Calc highestAntennaZ_ and distCST_
highestAntennaZ_ = 1.5,  distCST_ = 550.0
skenario25ms/skenario2
end simulation
num_nodes is set 30
channel.cc:sendUp - Calc highestAntennaZ_ and distCST_
highestAntennaZ_ = 1.5,  distCST_ = 550.0
skenario25ms/skenario3
end simulation
num_nodes is set 30
channel.cc:sendUp - Calc highestAntennaZ_ and distCST_
highestAntennaZ_ = 1.5,  distCST_ = 550.0
skenario25ms/skenario4
end simulation
num_nodes is set 30
channel.cc:sendUp - Calc highestAntennaZ_ and distCST_
highestAntennaZ_ = 1.5,  distCST_ = 550.0
skenario25ms/skenario5
end simulation
num_nodes is set 30
channel.cc:sendUp - Calc highestAntennaZ_ and distCST_
highestAntennaZ_ = 1.5,  distCST_ = 550.0
skenario25ms/skenario6
end simulation
num_nodes is set 30
channel.cc:sendUp - Calc highestAntennaZ_ and distCST_
highestAntennaZ_ = 1.5,  distCST_ = 550.0
skenario25ms/skenario7
end simulation
num_nodes is set 30
channel.cc:sendUp - Calc highestAntennaZ_ and distCST_
highestAntennaZ_ = 1.5,  distCST_ = 550.0
skenario25ms/skenario8
end simulation
num_nodes is set 30
channel.cc:sendUp - Calc highestAntennaZ_ and distCST_
highestAntennaZ_ = 1.5,  distCST_ = 550.0
skenario25ms/skenario9
end simulation
num_nodes is set 30
channel.cc:sendUp - Calc highestAntennaZ_ and distCST_
highestAntennaZ_ = 1.5,  distCST_ = 550.0
skenario25ms/skenario10
end simulation
num_nodes is set 30
channel.cc:sendUp - Calc highestAntennaZ_ and distCST_
highestAntennaZ_ = 1.5,  distCST_ = 550.0
skenario30ms/skenario1
end simulation
num_nodes is set 30
channel.cc:sendUp - Calc highestAntennaZ_ and distCST_
highestAntennaZ_ = 1.5,  distCST_ = 550.0
skenario30ms/skenario2
end simulation
num_nodes is set 30
channel.cc:sendUp - Calc highestAntennaZ_ and distCST_
highestAntennaZ_ = 1.5,  distCST_ = 550.0
skenario30ms/skenario3
end simulation
num_nodes is set 30
channel.cc:sendUp - Calc highestAntennaZ_ and distCST_
highestAntennaZ_ = 1.5,  distCST_ = 550.0
skenario30ms/skenario4
end simulation
num_nodes is set 30
channel.cc:sendUp - Calc highestAntennaZ_ and distCST_
highestAntennaZ_ = 1.5,  distCST_ = 550.0
skenario30ms/skenario5
end simulation
num_nodes is set 30
channel.cc:sendUp - Calc highestAntennaZ_ and distCST_
highestAntennaZ_ = 1.5,  distCST_ = 550.0
skenario30ms/skenario6
end simulation
num_nodes is set 30
channel.cc:sendUp - Calc highestAntennaZ_ and distCST_
highestAntennaZ_ = 1.5,  distCST_ = 550.0
skenario30ms/skenario7
end simulation
num_nodes is set 30
channel.cc:sendUp - Calc highestAntennaZ_ and distCST_
highestAntennaZ_ = 1.5,  distCST_ = 550.0
skenario30ms/skenario8
end simulation
num_nodes is set 30
channel.cc:sendUp - Calc highestAntennaZ_ and distCST_
highestAntennaZ_ = 1.5,  distCST_ = 550.0
skenario30ms/skenario9
end simulation
num_nodes is set 30
channel.cc:sendUp - Calc highestAntennaZ_ and distCST_
highestAntennaZ_ = 1.5,  distCST_ = 550.0
skenario30ms/skenario10
end simulation
num_nodes is set 30
channel.cc:sendUp - Calc highestAntennaZ_ and distCST_
highestAntennaZ_ = 1.5,  distCST_ = 550.0
skenario35ms/skenario1
end simulation
num_nodes is set 30
channel.cc:sendUp - Calc highestAntennaZ_ and distCST_
highestAntennaZ_ = 1.5,  distCST_ = 550.0
skenario35ms/skenario2
end simulation
num_nodes is set 30
channel.cc:sendUp - Calc highestAntennaZ_ and distCST_
highestAntennaZ_ = 1.5,  distCST_ = 550.0
skenario35ms/skenario3
end simulation
num_nodes is set 30
channel.cc:sendUp - Calc highestAntennaZ_ and distCST_
highestAntennaZ_ = 1.5,  distCST_ = 550.0
skenario35ms/skenario4
end simulation
num_nodes is set 30
channel.cc:sendUp - Calc highestAntennaZ_ and distCST_
highestAntennaZ_ = 1.5,  distCST_ = 550.0
skenario35ms/skenario5
end simulation
num_nodes is set 30
channel.cc:sendUp - Calc highestAntennaZ_ and distCST_
highestAntennaZ_ = 1.5,  distCST_ = 550.0
skenario35ms/skenario6
end simulation
num_nodes is set 30
channel.cc:sendUp - Calc highestAntennaZ_ and distCST_
highestAntennaZ_ = 1.5,  distCST_ = 550.0
skenario35ms/skenario7
end simulation
num_nodes is set 30
channel.cc:sendUp - Calc highestAntennaZ_ and distCST_
highestAntennaZ_ = 1.5,  distCST_ = 550.0
skenario35ms/skenario8
end simulation
num_nodes is set 30
channel.cc:sendUp - Calc highestAntennaZ_ and distCST_
highestAntennaZ_ = 1.5,  distCST_ = 550.0
skenario35ms/skenario9
end simulation
num_nodes is set 30
channel.cc:sendUp - Calc highestAntennaZ_ and distCST_
highestAntennaZ_ = 1.5,  distCST_ = 550.0
skenario35ms/skenario10
end simulation
num_nodes is set 30
channel.cc:sendUp - Calc highestAntennaZ_ and distCST_
highestAntennaZ_ = 1.5,  distCST_ = 550.0
skenario40ms/skenario1
end simulation
num_nodes is set 30
channel.cc:sendUp - Calc highestAntennaZ_ and distCST_
highestAntennaZ_ = 1.5,  distCST_ = 550.0
skenario40ms/skenario2
end simulation
num_nodes is set 30
channel.cc:sendUp - Calc highestAntennaZ_ and distCST_
highestAntennaZ_ = 1.5,  distCST_ = 550.0
skenario40ms/skenario3
end simulation
num_nodes is set 30
channel.cc:sendUp - Calc highestAntennaZ_ and distCST_
highestAntennaZ_ = 1.5,  distCST_ = 550.0
skenario40ms/skenario4
end simulation
num_nodes is set 30
channel.cc:sendUp - Calc highestAntennaZ_ and distCST_
highestAntennaZ_ = 1.5,  distCST_ = 550.0
skenario40ms/skenario5
end simulation
num_nodes is set 30
channel.cc:sendUp - Calc highestAntennaZ_ and distCST_
highestAntennaZ_ = 1.5,  distCST_ = 550.0
skenario40ms/skenario6
end simulation
num_nodes is set 30
channel.cc:sendUp - Calc highestAntennaZ_ and distCST_
highestAntennaZ_ = 1.5,  distCST_ = 550.0
skenario40ms/skenario7
end simulation
num_nodes is set 30
channel.cc:sendUp - Calc highestAntennaZ_ and distCST_
highestAntennaZ_ = 1.5,  distCST_ = 550.0
skenario40ms/skenario8
end simulation
num_nodes is set 30
channel.cc:sendUp - Calc highestAntennaZ_ and distCST_
highestAntennaZ_ = 1.5,  distCST_ = 550.0
skenario40ms/skenario9
end simulation
num_nodes is set 30
channel.cc:sendUp - Calc highestAntennaZ_ and distCST_
highestAntennaZ_ = 1.5,  distCST_ = 550.0
skenario40ms/skenario10
end simulation
num_nodes is set 30
channel.cc:sendUp - Calc highestAntennaZ_ and distCST_
highestAntennaZ_ = 1.5,  distCST_ = 550.0
