skenario5ms/skenario1
sent_packets	 57
received_packets 42
PDR 73.68
Average Throughput[kbps] = 3.19	StartTime=2.56	StopTime = 58.72
skenario5ms/skenario2
sent_packets	 57
received_packets 42
PDR 73.68
Average Throughput[kbps] = 3.19	StartTime=2.56	StopTime = 58.72
skenario5ms/skenario3
sent_packets	 57
received_packets 42
PDR 73.68
Average Throughput[kbps] = 3.19	StartTime=2.56	StopTime = 58.72
skenario5ms/skenario4
sent_packets	 57
received_packets 42
PDR 73.68
Average Throughput[kbps] = 3.19	StartTime=2.56	StopTime = 58.72
skenario5ms/skenario5
sent_packets	 57
received_packets 42
PDR 73.68
Average Throughput[kbps] = 3.19	StartTime=2.56	StopTime = 58.72
skenario5ms/skenario6
sent_packets	 57
received_packets 42
PDR 73.68
Average Throughput[kbps] = 3.19	StartTime=2.56	StopTime = 58.72
skenario5ms/skenario7
sent_packets	 57
received_packets 42
PDR 73.68
Average Throughput[kbps] = 3.19	StartTime=2.56	StopTime = 58.72
skenario5ms/skenario8
sent_packets	 57
received_packets 42
PDR 73.68
Average Throughput[kbps] = 3.19	StartTime=2.56	StopTime = 58.72
skenario5ms/skenario9
sent_packets	 57
received_packets 42
PDR 73.68
Average Throughput[kbps] = 3.19	StartTime=2.56	StopTime = 58.72
skenario5ms/skenario10
sent_packets	 57
received_packets 42
PDR 73.68
Average Throughput[kbps] = 3.19	StartTime=2.56	StopTime = 58.72
skenario10ms/skenario1
sent_packets	 59
received_packets 59
PDR 100.00
Average Throughput[kbps] = 4.38	StartTime=2.56	StopTime = 59.87
skenario10ms/skenario2
sent_packets	 59
received_packets 42
PDR 71.19
Average Throughput[kbps] = 3.18	StartTime=2.56	StopTime = 58.85
skenario10ms/skenario3
sent_packets	 58
received_packets 58
PDR 100.00
Average Throughput[kbps] = 4.32	StartTime=2.56	StopTime = 59.67
skenario10ms/skenario4
sent_packets	 56
received_packets 1
PDR 1.79
Average Throughput[kbps] = 0.13	StartTime=2.56	StopTime = 36.30
skenario10ms/skenario5
sent_packets	 59
received_packets 34
PDR 57.63
Average Throughput[kbps] = 2.68	StartTime=2.56	StopTime = 56.57
skenario10ms/skenario6
sent_packets	 59
received_packets 12
PDR 20.34
Average Throughput[kbps] = 0.89	StartTime=2.56	StopTime = 59.98
skenario10ms/skenario7
sent_packets	 57
received_packets 41
PDR 71.93
Average Throughput[kbps] = 3.10	StartTime=2.56	StopTime = 58.92
skenario10ms/skenario8
sent_packets	 57
received_packets 14
PDR 24.56
Average Throughput[kbps] = 1.05	StartTime=2.56	StopTime = 59.41
skenario10ms/skenario9
sent_packets	 59
received_packets 26
PDR 44.07
Average Throughput[kbps] = 1.93	StartTime=2.56	StopTime = 59.91
skenario10ms/skenario10
sent_packets	 62
received_packets 39
PDR 62.90
Average Throughput[kbps] = 4.60	StartTime=2.56	StopTime = 38.65
skenario15ms/skenario1
sent_packets	 57
received_packets 32
PDR 56.14
Average Throughput[kbps] = 2.88	StartTime=2.56	StopTime = 49.90
skenario15ms/skenario2
sent_packets	 56
received_packets 34
PDR 60.71
Average Throughput[kbps] = 2.83	StartTime=2.56	StopTime = 53.72
skenario15ms/skenario3
sent_packets	 58
received_packets 49
PDR 84.48
Average Throughput[kbps] = 3.65	StartTime=2.56	StopTime = 59.79
skenario15ms/skenario4
sent_packets	 56
received_packets 24
PDR 42.86
Average Throughput[kbps] = 3.01	StartTime=2.56	StopTime = 36.49
skenario15ms/skenario5
sent_packets	 58
received_packets 3
PDR 5.17
Average Throughput[kbps] = 0.28	StartTime=2.56	StopTime = 48.96
skenario15ms/skenario6
sent_packets	 60
received_packets 60
PDR 100.00
Average Throughput[kbps] = 4.51	StartTime=2.56	StopTime = 59.20
skenario15ms/skenario7
sent_packets	 60
received_packets 42
PDR 70.00
Average Throughput[kbps] = 3.58	StartTime=2.56	StopTime = 52.43
skenario15ms/skenario8
sent_packets	 59
received_packets 25
PDR 42.37
Average Throughput[kbps] = 1.87	StartTime=2.56	StopTime = 59.42
skenario15ms/skenario9
sent_packets	 58
received_packets 0
PDR 0.00
Average Throughput[kbps] = -0.00	StartTime=2.56	StopTime = 0.00
skenario15ms/skenario10
sent_packets	 63
received_packets 63
PDR 100.00
Average Throughput[kbps] = 4.70	StartTime=2.56	StopTime = 59.64
skenario20ms/skenario1
sent_packets	 58
received_packets 21
PDR 36.21
Average Throughput[kbps] = 1.77	StartTime=2.56	StopTime = 53.19
skenario20ms/skenario2
sent_packets	 57
received_packets 25
PDR 43.86
Average Throughput[kbps] = 1.94	StartTime=2.56	StopTime = 57.48
skenario20ms/skenario3
sent_packets	 58
received_packets 49
PDR 84.48
Average Throughput[kbps] = 3.64	StartTime=2.56	StopTime = 59.91
skenario20ms/skenario4
sent_packets	 59
received_packets 52
PDR 88.14
Average Throughput[kbps] = 4.04	StartTime=2.56	StopTime = 57.39
skenario20ms/skenario5
sent_packets	 58
received_packets 48
PDR 82.76
Average Throughput[kbps] = 3.60	StartTime=2.56	StopTime = 59.30
skenario20ms/skenario6
sent_packets	 59
received_packets 45
PDR 76.27
Average Throughput[kbps] = 3.34	StartTime=2.56	StopTime = 59.84
skenario20ms/skenario7
sent_packets	 61
received_packets 28
PDR 45.90
Average Throughput[kbps] = 2.51	StartTime=2.56	StopTime = 50.00
skenario20ms/skenario8
sent_packets	 55
received_packets 16
PDR 29.09
Average Throughput[kbps] = 1.38	StartTime=2.56	StopTime = 52.03
skenario20ms/skenario9
sent_packets	 59
received_packets 33
PDR 55.93
Average Throughput[kbps] = 2.64	StartTime=2.56	StopTime = 55.66
skenario20ms/skenario10
sent_packets	 60
received_packets 60
PDR 100.00
Average Throughput[kbps] = 4.49	StartTime=2.56	StopTime = 59.49
skenario25ms/skenario1
sent_packets	 57
received_packets 42
PDR 73.68
Average Throughput[kbps] = 3.19	StartTime=2.56	StopTime = 58.72
skenario25ms/skenario2
sent_packets	 59
received_packets 36
PDR 61.02
Average Throughput[kbps] = 3.00	StartTime=2.56	StopTime = 53.59
skenario25ms/skenario3
sent_packets	 54
received_packets 20
PDR 37.04
Average Throughput[kbps] = 1.51	StartTime=2.56	StopTime = 58.88
skenario25ms/skenario4
sent_packets	 63
received_packets 16
PDR 25.40
Average Throughput[kbps] = 5.67	StartTime=2.56	StopTime = 14.56
skenario25ms/skenario5
sent_packets	 63
received_packets 28
PDR 44.44
Average Throughput[kbps] = 4.87	StartTime=2.56	StopTime = 27.05
skenario25ms/skenario6
sent_packets	 56
received_packets 34
PDR 60.71
Average Throughput[kbps] = 2.53	StartTime=2.56	StopTime = 59.84
skenario25ms/skenario7
sent_packets	 58
received_packets 48
PDR 82.76
Average Throughput[kbps] = 3.59	StartTime=2.56	StopTime = 59.46
skenario25ms/skenario8
sent_packets	 61
received_packets 61
PDR 100.00
Average Throughput[kbps] = 4.54	StartTime=2.56	StopTime = 59.77
skenario25ms/skenario9
sent_packets	 60
received_packets 15
PDR 25.00
Average Throughput[kbps] = 5.71	StartTime=2.56	StopTime = 13.74
skenario25ms/skenario10
sent_packets	 56
received_packets 47
PDR 83.93
Average Throughput[kbps] = 3.51	StartTime=2.56	StopTime = 59.63
skenario30ms/skenario1
sent_packets	 60
received_packets 46
PDR 76.67
Average Throughput[kbps] = 3.44	StartTime=2.56	StopTime = 59.39
skenario30ms/skenario2
sent_packets	 59
received_packets 34
PDR 57.63
Average Throughput[kbps] = 4.71	StartTime=2.56	StopTime = 33.30
skenario30ms/skenario3
sent_packets	 56
received_packets 29
PDR 51.79
Average Throughput[kbps] = 2.19	StartTime=2.56	StopTime = 58.95
skenario30ms/skenario4
sent_packets	 58
received_packets 39
PDR 67.24
Average Throughput[kbps] = 4.40	StartTime=2.56	StopTime = 40.31
skenario30ms/skenario5
sent_packets	 60
received_packets 34
PDR 56.67
Average Throughput[kbps] = 2.84	StartTime=2.56	StopTime = 53.65
skenario30ms/skenario6
sent_packets	 58
received_packets 41
PDR 70.69
Average Throughput[kbps] = 3.15	StartTime=2.56	StopTime = 57.98
skenario30ms/skenario7
sent_packets	 54
received_packets 22
PDR 40.74
Average Throughput[kbps] = 4.64	StartTime=2.56	StopTime = 22.75
skenario30ms/skenario8
sent_packets	 56
received_packets 47
PDR 83.93
Average Throughput[kbps] = 3.55	StartTime=2.56	StopTime = 58.90
skenario30ms/skenario9
sent_packets	 56
received_packets 29
PDR 51.79
Average Throughput[kbps] = 2.16	StartTime=2.56	StopTime = 59.78
skenario30ms/skenario10
sent_packets	 56
received_packets 27
PDR 48.21
Average Throughput[kbps] = 2.29	StartTime=2.56	StopTime = 52.79
skenario35ms/skenario1
sent_packets	 59
received_packets 36
PDR 61.02
Average Throughput[kbps] = 2.69	StartTime=2.56	StopTime = 59.55
skenario35ms/skenario2
sent_packets	 53
received_packets 10
PDR 18.87
Average Throughput[kbps] = 0.75	StartTime=2.56	StopTime = 59.53
skenario35ms/skenario3
sent_packets	 66
received_packets 56
PDR 84.85
Average Throughput[kbps] = 4.18	StartTime=2.56	StopTime = 59.54
skenario35ms/skenario4
sent_packets	 60
received_packets 24
PDR 40.00
Average Throughput[kbps] = 1.78	StartTime=2.56	StopTime = 59.96
skenario35ms/skenario5
sent_packets	 61
received_packets 15
PDR 24.59
Average Throughput[kbps] = 5.66	StartTime=2.56	StopTime = 13.83
skenario35ms/skenario6
sent_packets	 57
received_packets 32
PDR 56.14
Average Throughput[kbps] = 3.78	StartTime=2.56	StopTime = 38.56
skenario35ms/skenario7
sent_packets	 57
received_packets 27
PDR 47.37
Average Throughput[kbps] = 2.03	StartTime=2.56	StopTime = 59.08
skenario35ms/skenario8
sent_packets	 57
received_packets 42
PDR 73.68
Average Throughput[kbps] = 3.19	StartTime=2.56	StopTime = 58.72
skenario35ms/skenario9
sent_packets	 57
received_packets 42
PDR 73.68
Average Throughput[kbps] = 3.19	StartTime=2.56	StopTime = 58.72
skenario35ms/skenario10
sent_packets	 57
received_packets 42
PDR 73.68
Average Throughput[kbps] = 3.19	StartTime=2.56	StopTime = 58.72
