
30 node

870|
902|
863|
828|
838|
794|
903|
852|
849|
850|
857|
861|
911|
883|
900|
842|
781|
865|
930|
827|
853|
848|
816|
809|
840|
802|
820|
827|
795|
869|
893|
842|
891|
763|
754|
832|
845|
814|
902|
812|
794|
848|
821|
787|
817|
810|
858|
890|
896|
866|
793|
861|
877|
907|
869|
860|
861|
829|
802|
851|

40 node

1139|
1213|
1181|
1212|
1159|
1197|
1148|
1210|
1329|
1184|
1139|
1167|
1188|
1199|
1098|
1165|
1153|
1175|
1142|
1180|
1152|
1217|
1159|
1217|
1175|
1279|
1272|
1197|
1235|
1225|
1133|
1157|
1193|
1210|
1227|
1206|
1102|
1275|
1313|
1194|
1223|
1113|
1219|
1166|
1185|
1146|
1173|
1221|
1206|
1184|
1162|
1090|
1242|
1142|
1188|
1185|
1108|
1117|
1140|
1205|

50 node

1677|
1688|
1547|
1610|
1597|
1598|
1594|
1558|
1675|
1682|
1737|
1671|
1557|
1610|
1600|
1565|
1672|
1647|
1636|
1659|
1582|
1617|
1583|
1634|
1731|
1582|
1651|
1587|
1548|
1633|
1566|
1586|
1641|
1533|
1517|
1758|
1645|
1610|
1784|
1560|
1552|
1557|
1714|
1655|
1479|
1748|
1509|
1682|
1665|
1607|
1635|
1699|
1682|
1660|
1578|
1552|
1549|
1607|
1639|
1647|
