
30 node

870|
902|
863|
828|
838|
794|
903|
852|
849|
850|
857|
904|
948|
963|
910|
879|
822|
915|
932|
882|
986|
896|
932|
935|
973|
971|
955|
947|
973|
993|
1278|
1507|
1265|
1313|
1048|
1365|
1219|
1474|
1185|
1196|
1157|
1577|
1653|
1511|
1747|
1398|
1560|
2097|
1566|
2262|
1531|
1534|
1452|
1386|
1753|
1495|
1684|
1652|
1647|
2252|

40 node

1139|
1213|
1181|
1212|
1159|
1197|
1148|
1210|
1329|
1184|
1254|
1176|
1247|
1291|
1152|
1182|
1145|
1248|
1181|
1360|
1349|
1399|
1334|
1412|
1411|
1446|
1436|
1330|
1361|
1434|
1905|
2161|
2197|
2125|
2188|
2213|
1765|
1439|
1835|
1643|
2089|
2482|
2881|
2856|
3038|
2737|
2532|
2312|
2759|
2220|
2971|
1855|
2184|
1903|
2582|
2653|
2499|
2164|
1996|
2865|

50 node

1677|
1688|
1547|
1610|
1597|
1598|
1594|
1558|
1675|
1682|
1813|
1714|
1573|
1733|
1730|
1597|
1812|
1737|
1689|
1758|
1886|
1879|
1875|
1827|
1983|
1846|
2019|
1857|
1799|
1936|
2863|
3453|
2311|
2574|
2170|
2970|
2470|
2819|
2847|
3636|
3380|
2624|
4472|
3280|
3715|
2784|
3442|
3228|
2491|
2903|
3201|
2804|
3343|
2569|
3302|
2582|
2979|
4044|
3088|
2596|
