
 
 DSDV_Agent::startUp 

 line 1394 
time now = 0.00000 , myaddr: 0 , speed : 0.000000000000000

 line 1426

 line 1427 

 line 1452

 line 1459 

 line 1460
 manggil jitter line 83 

 150.00068 DSDV_Agent::helper_callback

 150.00068 (myaddr_: 0) periodic_callback tipe periodic 
Jika update krn periodik -- (myaddr_: 0)..sendout update pkt (periodic=1)

 manggil jitter line 83 

 135.00068 DSDV_Agent::helper_callback

 135.00068 (myaddr_: 0) periodic_callback tipe periodic 
Jika update krn periodik -- (myaddr_: 0)..sendout update pkt (periodic=1)

 manggil jitter line 83 

 120.00068 DSDV_Agent::helper_callback

 120.00068 (myaddr_: 0) periodic_callback tipe periodic 
Jika update krn periodik -- (myaddr_: 0)..sendout update pkt (periodic=1)

 manggil jitter line 83 

 105.00068 DSDV_Agent::helper_callback

 105.00068 (myaddr_: 0) periodic_callback tipe periodic 
Jika update krn periodik -- (myaddr_: 0)..sendout update pkt (periodic=1)

 manggil jitter line 83 

 90.00068 DSDV_Agent::helper_callback

 90.00068 (myaddr_: 0) periodic_callback tipe periodic 
Jika update krn periodik -- (myaddr_: 0)..sendout update pkt (periodic=1)

 manggil jitter line 83 

 75.00068 DSDV_Agent::helper_callback

 75.00068 (myaddr_: 0) periodic_callback tipe periodic 
Jika update krn periodik -- (myaddr_: 0)..sendout update pkt (periodic=1)

 manggil jitter line 83 

 60.00068 DSDV_Agent::helper_callback

 60.00068 (myaddr_: 0) periodic_callback tipe periodic 
Jika update krn periodik -- (myaddr_: 0)..sendout update pkt (periodic=1)

 manggil jitter line 83 

 45.00068 DSDV_Agent::helper_callback

 45.00068 (myaddr_: 0) periodic_callback tipe periodic 
Jika update krn periodik -- (myaddr_: 0)..sendout update pkt (periodic=1)

 manggil jitter line 83 

 30.00068 DSDV_Agent::helper_callback

 30.00068 (myaddr_: 0) periodic_callback tipe periodic 
Jika update krn periodik -- (myaddr_: 0)..sendout update pkt (periodic=1)

 manggil jitter line 83 

 15.00068 DSDV_Agent::helper_callback

 15.00068 (myaddr_: 0) periodic_callback tipe periodic 
Jika update krn periodik -- (myaddr_: 0)..sendout update pkt (periodic=1)

 manggil jitter line 83 

 0.00068 DSDV_Agent::helper_callback

 0.00068 (myaddr_: 0) periodic_callback tipe periodic 
Jika update krn periodik -- (myaddr_: 0)..sendout update pkt (periodic=1)

 manggil jitter line 83 
