
 
DSDV_Agent::startUp 
time now = 0.00000 , myaddr: 0 , speed : 0.000000000000000
inisialisasi routing tabel rte line 1426
dimasukkan ke rte line 1452
new event periodic callback line 1459 
memulai periodic callback line 1460
 
DSDV_Agent::startUp 
time now = 0.00000 , myaddr: 1 , speed : 0.000000000000000
inisialisasi routing tabel rte line 1426
dimasukkan ke rte line 1452
new event periodic callback line 1459 
memulai periodic callback line 1460
 
DSDV_Agent::startUp 
time now = 0.00000 , myaddr: 2 , speed : 0.000000000000000
inisialisasi routing tabel rte line 1426
dimasukkan ke rte line 1452
new event periodic callback line 1459 
memulai periodic callback line 1460

DSDV_Agent::updateRoute
time: 0.00238, my addr: 2, speed : 0.000000000000000


DSDV_Agent::needTriggeredUpdate
 Jika tidak ada triggered update yg tertunda, tetangga udah ga ada update lagi
time: 0.00238, my addr: 2, speed : 0.000000000000000
penjadwalan trigger update


DSDV_Agent::processUpdate
ini fungsi untuk update RoutingTable di setiap node, menggunakan algoritma djikstra
time: 0.00238, my addr: 2, speed : 0.000000000000000
rte yg akan di update
pointer ke rte, buat nampung sementara
dia tdk kenal node itu sebelumnya
update rute lagi


DSDV_Agent::recv
myaddr_: 2


DSDV_Agent::updateRoute
time: 0.03775, my addr: 0, speed : 0.000000000000000


DSDV_Agent::needTriggeredUpdate
 Jika tidak ada triggered update yg tertunda, tetangga udah ga ada update lagi
time: 0.03775, my addr: 0, speed : 0.000000000000000
penjadwalan trigger update


DSDV_Agent::processUpdate
ini fungsi untuk update RoutingTable di setiap node, menggunakan algoritma djikstra
time: 0.03775, my addr: 0, speed : 0.000000000000000
rte yg akan di update
pointer ke rte, buat nampung sementara
dia tdk kenal node itu sebelumnya
update rute lagi


DSDV_Agent::recv
myaddr_: 0


DSDV_Agent::updateRoute
time: 0.03775, my addr: 1, speed : 0.000000000000000


DSDV_Agent::needTriggeredUpdate
 Jika tidak ada triggered update yg tertunda, tetangga udah ga ada update lagi
time: 0.03775, my addr: 1, speed : 0.000000000000000
penjadwalan trigger update


DSDV_Agent::processUpdate
ini fungsi untuk update RoutingTable di setiap node, menggunakan algoritma djikstra
time: 0.03775, my addr: 1, speed : 0.000000000000000
rte yg akan di update
pointer ke rte, buat nampung sementara
dia tdk kenal node itu sebelumnya
update rute lagi


DSDV_Agent::recv
myaddr_: 1


DSDV_Agent::updateRoute
time: 1.12149, my addr: 2, speed : 0.000000000000000


DSDV_Agent::needTriggeredUpdate
 Jika tidak ada triggered update yg tertunda, tetangga udah ga ada update lagi
time: 1.12149, my addr: 2, speed : 0.000000000000000
penjadwalan trigger update


DSDV_Agent::processUpdate
ini fungsi untuk update RoutingTable di setiap node, menggunakan algoritma djikstra
time: 1.12149, my addr: 2, speed : 0.000000000000000
rte yg akan di update
pointer ke rte, buat nampung sementara
dia tdk kenal node itu sebelumnya
update rute lagi


DSDV_Agent::recv
myaddr_: 2


DSDVTriggerHandler::handle

 line 196
 line 200
 line 205
 line 217
 line 218
 line 243

DSDV_Agent::processUpdate
ini fungsi untuk update RoutingTable di setiap node, menggunakan algoritma djikstra
time: 12.00458, my addr: 0, speed : 0.000000000000000
rte yg akan di update
pointer ke rte, buat nampung sementara


DSDV_Agent::recv
myaddr_: 0


DSDV_Agent::updateRoute
time: 12.00458, my addr: 1, speed : 0.000000000000000


DSDV_Agent::needTriggeredUpdate
 Jika tidak ada triggered update yg tertunda, tetangga udah ga ada update lagi
time: 12.00458, my addr: 1, speed : 0.000000000000000
penjadwalan trigger update


DSDV_Agent::processUpdate
ini fungsi untuk update RoutingTable di setiap node, menggunakan algoritma djikstra
time: 12.00458, my addr: 1, speed : 0.000000000000000
rte yg akan di update
pointer ke rte, buat nampung sementara
dia tdk kenal node itu sebelumnya
update rute lagi


DSDV_Agent::recv
myaddr_: 1


DSDVTriggerHandler::handle

 line 196
 line 200
 line 205
 line 217
 line 218
 line 243

DSDVTriggerHandler::handle

 line 196
 line 200
 line 205
 line 217
 line 218
 line 243

DSDV_Agent::processUpdate
ini fungsi untuk update RoutingTable di setiap node, menggunakan algoritma djikstra
time: 12.03984, my addr: 2, speed : 0.000000000000000
rte yg akan di update
pointer ke rte, buat nampung sementara


DSDV_Agent::recv
myaddr_: 2


DSDV_Agent::processUpdate
ini fungsi untuk update RoutingTable di setiap node, menggunakan algoritma djikstra
time: 12.04117, my addr: 2, speed : 0.000000000000000
rte yg akan di update
pointer ke rte, buat nampung sementara


DSDV_Agent::recv
myaddr_: 2


DSDV_Agent::updateRoute
time: 12.16445, my addr: 0, speed : 0.000000000000000


DSDV_Agent::processUpdate
ini fungsi untuk update RoutingTable di setiap node, menggunakan algoritma djikstra
time: 12.16445, my addr: 0, speed : 0.000000000000000
rte yg akan di update
pointer ke rte, buat nampung sementara
seqnum tdk sama, seqnum baru


DSDV_Agent::recv
myaddr_: 0


DSDV_Agent::updateRoute
time: 12.16445, my addr: 1, speed : 0.000000000000000


DSDV_Agent::processUpdate
ini fungsi untuk update RoutingTable di setiap node, menggunakan algoritma djikstra
time: 12.16445, my addr: 1, speed : 0.000000000000000
rte yg akan di update
pointer ke rte, buat nampung sementara
seqnum tdk sama, seqnum baru


DSDV_Agent::recv
myaddr_: 1


DSDV_Agent::updateRoute
time: 12.91466, my addr: 2, speed : 0.000000000000000


DSDV_Agent::processUpdate
ini fungsi untuk update RoutingTable di setiap node, menggunakan algoritma djikstra
time: 12.91466, my addr: 2, speed : 0.000000000000000
rte yg akan di update
pointer ke rte, buat nampung sementara
seqnum tdk sama, seqnum baru


DSDV_Agent::recv
myaddr_: 2


DSDV_Agent::updateRoute
time: 12.98504, my addr: 2, speed : 0.000000000000000


DSDV_Agent::processUpdate
ini fungsi untuk update RoutingTable di setiap node, menggunakan algoritma djikstra
time: 12.98504, my addr: 2, speed : 0.000000000000000
rte yg akan di update
pointer ke rte, buat nampung sementara
seqnum tdk sama, seqnum baru


DSDV_Agent::recv
myaddr_: 2


DSDV_Agent::cancelTriggersBefore


DSDVTriggerHandler::handle

 line 196
 line 200
 line 205
 line 217
 line 218

DSDVTriggerHandler::handle

 line 196
 line 200
 line 205
 line 217
 line 218
 line 243

DSDV_Agent::processUpdate
ini fungsi untuk update RoutingTable di setiap node, menggunakan algoritma djikstra
time: 24.00679, my addr: 2, speed : 0.000000000000000
rte yg akan di update
pointer ke rte, buat nampung sementara
seqnum tdk sama, seqnum baru


DSDV_Agent::recv
myaddr_: 2


DSDV_Agent::updateRoute
time: 24.97942, my addr: 2, speed : 0.000000000000000


DSDV_Agent::processUpdate
ini fungsi untuk update RoutingTable di setiap node, menggunakan algoritma djikstra
time: 24.97942, my addr: 2, speed : 0.000000000000000
rte yg akan di update
pointer ke rte, buat nampung sementara
seqnum tdk sama, seqnum baru


DSDV_Agent::recv
myaddr_: 2


DSDV_Agent::updateRoute
time: 25.15794, my addr: 0, speed : 0.000000000000000


DSDV_Agent::needTriggeredUpdate
 Jika tidak ada triggered update yg tertunda, tetangga udah ga ada update lagi
time: 25.15794, my addr: 0, speed : 0.000000000000000
penjadwalan trigger update


DSDV_Agent::updateRoute
time: 25.15794, my addr: 0, speed : 0.000000000000000


DSDV_Agent::processUpdate
ini fungsi untuk update RoutingTable di setiap node, menggunakan algoritma djikstra
time: 25.15794, my addr: 0, speed : 0.000000000000000
rte yg akan di update
pointer ke rte, buat nampung sementara
dia tdk kenal node itu sebelumnya
update rute lagi
seqnum tdk sama, seqnum baru


DSDV_Agent::recv
myaddr_: 0


DSDV_Agent::updateRoute
time: 25.15794, my addr: 1, speed : 0.000000000000000


DSDV_Agent::processUpdate
ini fungsi untuk update RoutingTable di setiap node, menggunakan algoritma djikstra
time: 25.15794, my addr: 1, speed : 0.000000000000000
rte yg akan di update
pointer ke rte, buat nampung sementara
seqnum tdk sama, seqnum baru


DSDV_Agent::recv
myaddr_: 1


DSDV_Agent::updateRoute
time: 27.08810, my addr: 2, speed : 0.000000000000000


DSDV_Agent::processUpdate
ini fungsi untuk update RoutingTable di setiap node, menggunakan algoritma djikstra
time: 27.08810, my addr: 2, speed : 0.000000000000000
rte yg akan di update
pointer ke rte, buat nampung sementara
seqnum tdk sama, seqnum baru
seqnum tdk sama, seqnum baru


DSDV_Agent::recv
myaddr_: 2


DSDV_Agent::updateRoute
time: 36.45341, my addr: 0, speed : 0.000000000000000


DSDV_Agent::updateRoute
time: 36.45341, my addr: 0, speed : 0.000000000000000


DSDV_Agent::processUpdate
ini fungsi untuk update RoutingTable di setiap node, menggunakan algoritma djikstra
time: 36.45341, my addr: 0, speed : 0.000000000000000
rte yg akan di update
pointer ke rte, buat nampung sementara
seqnum tdk sama, seqnum baru
seqnum tdk sama, seqnum baru


DSDV_Agent::recv
myaddr_: 0


DSDV_Agent::updateRoute
time: 36.45341, my addr: 1, speed : 0.000000000000000


DSDV_Agent::updateRoute
time: 36.45341, my addr: 1, speed : 0.000000000000000


DSDV_Agent::processUpdate
ini fungsi untuk update RoutingTable di setiap node, menggunakan algoritma djikstra
time: 36.45341, my addr: 1, speed : 0.000000000000000
rte yg akan di update
pointer ke rte, buat nampung sementara
seqnum tdk sama, seqnum baru
seqnum tdk sama, seqnum baru


DSDV_Agent::recv
myaddr_: 1


DSDVTriggerHandler::handle

 line 196
 line 200
 line 205
 line 217
 line 218

DSDV_Agent::updateRoute
time: 39.77330, my addr: 2, speed : 0.000000000000000


DSDV_Agent::processUpdate
ini fungsi untuk update RoutingTable di setiap node, menggunakan algoritma djikstra
time: 39.77330, my addr: 2, speed : 0.000000000000000
rte yg akan di update
pointer ke rte, buat nampung sementara
seqnum tdk sama, seqnum baru


DSDV_Agent::recv
myaddr_: 2


DSDV_Agent::updateRoute
time: 40.85197, my addr: 2, speed : 0.000000000000000


DSDV_Agent::processUpdate
ini fungsi untuk update RoutingTable di setiap node, menggunakan algoritma djikstra
time: 40.85197, my addr: 2, speed : 0.000000000000000
rte yg akan di update
pointer ke rte, buat nampung sementara
seqnum tdk sama, seqnum baru


DSDV_Agent::recv
myaddr_: 2


DSDV_Agent::updateRoute
time: 50.99217, my addr: 0, speed : 0.000000000000000


DSDV_Agent::updateRoute
time: 50.99217, my addr: 0, speed : 0.000000000000000


DSDV_Agent::processUpdate
ini fungsi untuk update RoutingTable di setiap node, menggunakan algoritma djikstra
time: 50.99217, my addr: 0, speed : 0.000000000000000
rte yg akan di update
pointer ke rte, buat nampung sementara
seqnum tdk sama, seqnum baru
seqnum tdk sama, seqnum baru


DSDV_Agent::recv
myaddr_: 0


DSDV_Agent::updateRoute
time: 50.99217, my addr: 1, speed : 0.000000000000000


DSDV_Agent::updateRoute
time: 50.99217, my addr: 1, speed : 0.000000000000000


DSDV_Agent::processUpdate
ini fungsi untuk update RoutingTable di setiap node, menggunakan algoritma djikstra
time: 50.99217, my addr: 1, speed : 0.000000000000000
rte yg akan di update
pointer ke rte, buat nampung sementara
seqnum tdk sama, seqnum baru
seqnum tdk sama, seqnum baru


DSDV_Agent::recv
myaddr_: 1


DSDV_Agent::updateRoute
time: 51.12712, my addr: 2, speed : 0.000000000000000


DSDV_Agent::processUpdate
ini fungsi untuk update RoutingTable di setiap node, menggunakan algoritma djikstra
time: 51.12712, my addr: 2, speed : 0.000000000000000
rte yg akan di update
pointer ke rte, buat nampung sementara
seqnum tdk sama, seqnum baru


DSDV_Agent::recv
myaddr_: 2


DSDV_Agent::updateRoute
time: 55.65201, my addr: 2, speed : 0.000000000000000


DSDV_Agent::processUpdate
ini fungsi untuk update RoutingTable di setiap node, menggunakan algoritma djikstra
time: 55.65201, my addr: 2, speed : 0.000000000000000
rte yg akan di update
pointer ke rte, buat nampung sementara
seqnum tdk sama, seqnum baru


DSDV_Agent::recv
myaddr_: 2


DSDV_Agent::updateRoute
time: 62.56990, my addr: 2, speed : 0.000000000000000


DSDV_Agent::processUpdate
ini fungsi untuk update RoutingTable di setiap node, menggunakan algoritma djikstra
time: 62.56990, my addr: 2, speed : 0.000000000000000
rte yg akan di update
pointer ke rte, buat nampung sementara
seqnum tdk sama, seqnum baru
seqnum tdk sama, seqnum baru


DSDV_Agent::recv
myaddr_: 2


DSDV_Agent::updateRoute
time: 62.91272, my addr: 0, speed : 0.000000000000000


DSDV_Agent::updateRoute
time: 62.91272, my addr: 0, speed : 0.000000000000000


DSDV_Agent::processUpdate
ini fungsi untuk update RoutingTable di setiap node, menggunakan algoritma djikstra
time: 62.91272, my addr: 0, speed : 0.000000000000000
rte yg akan di update
pointer ke rte, buat nampung sementara
seqnum tdk sama, seqnum baru
seqnum tdk sama, seqnum baru


DSDV_Agent::recv
myaddr_: 0


DSDV_Agent::updateRoute
time: 62.91272, my addr: 1, speed : 0.000000000000000


DSDV_Agent::processUpdate
ini fungsi untuk update RoutingTable di setiap node, menggunakan algoritma djikstra
time: 62.91272, my addr: 1, speed : 0.000000000000000
rte yg akan di update
pointer ke rte, buat nampung sementara
seqnum tdk sama, seqnum baru


DSDV_Agent::recv
myaddr_: 1


DSDV_Agent::updateRoute
time: 68.48252, my addr: 2, speed : 0.000000000000000


DSDV_Agent::processUpdate
ini fungsi untuk update RoutingTable di setiap node, menggunakan algoritma djikstra
time: 68.48252, my addr: 2, speed : 0.000000000000000
rte yg akan di update
pointer ke rte, buat nampung sementara
seqnum tdk sama, seqnum baru
seqnum tdk sama, seqnum baru


DSDV_Agent::recv
myaddr_: 2


DSDV_Agent::updateRoute
time: 76.54453, my addr: 2, speed : 0.000000000000000


DSDV_Agent::processUpdate
ini fungsi untuk update RoutingTable di setiap node, menggunakan algoritma djikstra
time: 76.54453, my addr: 2, speed : 0.000000000000000
rte yg akan di update
pointer ke rte, buat nampung sementara
seqnum tdk sama, seqnum baru
seqnum tdk sama, seqnum baru


DSDV_Agent::recv
myaddr_: 2


DSDV_Agent::updateRoute
time: 77.16378, my addr: 0, speed : 0.000000000000000


DSDV_Agent::updateRoute
time: 77.16378, my addr: 0, speed : 0.000000000000000


DSDV_Agent::processUpdate
ini fungsi untuk update RoutingTable di setiap node, menggunakan algoritma djikstra
time: 77.16378, my addr: 0, speed : 0.000000000000000
rte yg akan di update
pointer ke rte, buat nampung sementara
seqnum tdk sama, seqnum baru
seqnum tdk sama, seqnum baru


DSDV_Agent::recv
myaddr_: 0


DSDV_Agent::updateRoute
time: 77.16378, my addr: 1, speed : 0.000000000000000


DSDV_Agent::processUpdate
ini fungsi untuk update RoutingTable di setiap node, menggunakan algoritma djikstra
time: 77.16378, my addr: 1, speed : 0.000000000000000
rte yg akan di update
pointer ke rte, buat nampung sementara
seqnum tdk sama, seqnum baru


DSDV_Agent::recv
myaddr_: 1


DSDV_Agent::updateRoute
time: 82.66381, my addr: 2, speed : 0.000000000000000


DSDV_Agent::processUpdate
ini fungsi untuk update RoutingTable di setiap node, menggunakan algoritma djikstra
time: 82.66381, my addr: 2, speed : 0.000000000000000
rte yg akan di update
pointer ke rte, buat nampung sementara
seqnum tdk sama, seqnum baru
seqnum tdk sama, seqnum baru


DSDV_Agent::recv
myaddr_: 2


DSDV_Agent::updateRoute
time: 89.66226, my addr: 0, speed : 0.000000000000000


DSDV_Agent::updateRoute
time: 89.66226, my addr: 0, speed : 0.000000000000000


DSDV_Agent::processUpdate
ini fungsi untuk update RoutingTable di setiap node, menggunakan algoritma djikstra
time: 89.66226, my addr: 0, speed : 0.000000000000000
rte yg akan di update
pointer ke rte, buat nampung sementara
seqnum tdk sama, seqnum baru
seqnum tdk sama, seqnum baru


DSDV_Agent::recv
myaddr_: 0


DSDV_Agent::updateRoute
time: 89.66226, my addr: 1, speed : 0.000000000000000


DSDV_Agent::updateRoute
time: 89.66226, my addr: 1, speed : 0.000000000000000


DSDV_Agent::processUpdate
ini fungsi untuk update RoutingTable di setiap node, menggunakan algoritma djikstra
time: 89.66226, my addr: 1, speed : 0.000000000000000
rte yg akan di update
pointer ke rte, buat nampung sementara
seqnum tdk sama, seqnum baru
seqnum tdk sama, seqnum baru


DSDV_Agent::recv
myaddr_: 1


DSDV_Agent::updateRoute
time: 89.84023, my addr: 2, speed : 0.000000000000000


DSDV_Agent::processUpdate
ini fungsi untuk update RoutingTable di setiap node, menggunakan algoritma djikstra
time: 89.84023, my addr: 2, speed : 0.000000000000000
rte yg akan di update
pointer ke rte, buat nampung sementara
seqnum tdk sama, seqnum baru


DSDV_Agent::recv
myaddr_: 2


DSDV_Agent::updateRoute
time: 95.29090, my addr: 2, speed : 0.000000000000000


DSDV_Agent::processUpdate
ini fungsi untuk update RoutingTable di setiap node, menggunakan algoritma djikstra
time: 95.29090, my addr: 2, speed : 0.000000000000000
rte yg akan di update
pointer ke rte, buat nampung sementara
seqnum tdk sama, seqnum baru


DSDV_Agent::recv
myaddr_: 2


DSDV_Agent::updateRoute
time: 101.20893, my addr: 2, speed : 0.000000000000000


DSDV_Agent::processUpdate
ini fungsi untuk update RoutingTable di setiap node, menggunakan algoritma djikstra
time: 101.20893, my addr: 2, speed : 0.000000000000000
rte yg akan di update
pointer ke rte, buat nampung sementara
seqnum tdk sama, seqnum baru
seqnum tdk sama, seqnum baru


DSDV_Agent::recv
myaddr_: 2


DSDV_Agent::updateRoute
time: 104.21455, my addr: 0, speed : 0.000000000000000


DSDV_Agent::updateRoute
time: 104.21455, my addr: 0, speed : 0.000000000000000


DSDV_Agent::processUpdate
ini fungsi untuk update RoutingTable di setiap node, menggunakan algoritma djikstra
time: 104.21455, my addr: 0, speed : 0.000000000000000
rte yg akan di update
pointer ke rte, buat nampung sementara
seqnum tdk sama, seqnum baru
seqnum tdk sama, seqnum baru


DSDV_Agent::recv
myaddr_: 0


DSDV_Agent::updateRoute
time: 104.21455, my addr: 1, speed : 0.000000000000000


DSDV_Agent::processUpdate
ini fungsi untuk update RoutingTable di setiap node, menggunakan algoritma djikstra
time: 104.21455, my addr: 1, speed : 0.000000000000000
rte yg akan di update
pointer ke rte, buat nampung sementara
seqnum tdk sama, seqnum baru


DSDV_Agent::recv
myaddr_: 1


DSDV_Agent::updateRoute
time: 108.49041, my addr: 2, speed : 0.000000000000000


DSDV_Agent::processUpdate
ini fungsi untuk update RoutingTable di setiap node, menggunakan algoritma djikstra
time: 108.49041, my addr: 2, speed : 0.000000000000000
rte yg akan di update
pointer ke rte, buat nampung sementara
seqnum tdk sama, seqnum baru
seqnum tdk sama, seqnum baru


DSDV_Agent::recv
myaddr_: 2


DSDV_Agent::updateRoute
time: 114.11714, my addr: 2, speed : 0.000000000000000


DSDV_Agent::processUpdate
ini fungsi untuk update RoutingTable di setiap node, menggunakan algoritma djikstra
time: 114.11714, my addr: 2, speed : 0.000000000000000
rte yg akan di update
pointer ke rte, buat nampung sementara
seqnum tdk sama, seqnum baru
seqnum tdk sama, seqnum baru


DSDV_Agent::recv
myaddr_: 2


DSDV_Agent::updateRoute
time: 118.83870, my addr: 0, speed : 0.000000000000000


DSDV_Agent::updateRoute
time: 118.83870, my addr: 0, speed : 0.000000000000000


DSDV_Agent::processUpdate
ini fungsi untuk update RoutingTable di setiap node, menggunakan algoritma djikstra
time: 118.83870, my addr: 0, speed : 0.000000000000000
rte yg akan di update
pointer ke rte, buat nampung sementara
seqnum tdk sama, seqnum baru
seqnum tdk sama, seqnum baru


DSDV_Agent::recv
myaddr_: 0


DSDV_Agent::updateRoute
time: 118.83870, my addr: 1, speed : 0.000000000000000


DSDV_Agent::updateRoute
time: 118.83870, my addr: 1, speed : 0.000000000000000


DSDV_Agent::processUpdate
ini fungsi untuk update RoutingTable di setiap node, menggunakan algoritma djikstra
time: 118.83870, my addr: 1, speed : 0.000000000000000
rte yg akan di update
pointer ke rte, buat nampung sementara
seqnum tdk sama, seqnum baru
seqnum tdk sama, seqnum baru


DSDV_Agent::recv
myaddr_: 1


DSDV_Agent::updateRoute
time: 121.26405, my addr: 2, speed : 0.000000000000000


DSDV_Agent::processUpdate
ini fungsi untuk update RoutingTable di setiap node, menggunakan algoritma djikstra
time: 121.26405, my addr: 2, speed : 0.000000000000000
rte yg akan di update
pointer ke rte, buat nampung sementara
seqnum tdk sama, seqnum baru


DSDV_Agent::recv
myaddr_: 2


DSDV_Agent::updateRoute
time: 127.70257, my addr: 2, speed : 0.000000000000000


DSDV_Agent::processUpdate
ini fungsi untuk update RoutingTable di setiap node, menggunakan algoritma djikstra
time: 127.70257, my addr: 2, speed : 0.000000000000000
rte yg akan di update
pointer ke rte, buat nampung sementara
seqnum tdk sama, seqnum baru
seqnum tdk sama, seqnum baru


DSDV_Agent::recv
myaddr_: 2


DSDV_Agent::updateRoute
time: 130.33455, my addr: 0, speed : 0.000000000000000


DSDV_Agent::updateRoute
time: 130.33455, my addr: 0, speed : 0.000000000000000


DSDV_Agent::processUpdate
ini fungsi untuk update RoutingTable di setiap node, menggunakan algoritma djikstra
time: 130.33455, my addr: 0, speed : 0.000000000000000
rte yg akan di update
pointer ke rte, buat nampung sementara
seqnum tdk sama, seqnum baru
seqnum tdk sama, seqnum baru


DSDV_Agent::recv
myaddr_: 0


DSDV_Agent::updateRoute
time: 130.33455, my addr: 1, speed : 0.000000000000000


DSDV_Agent::processUpdate
ini fungsi untuk update RoutingTable di setiap node, menggunakan algoritma djikstra
time: 130.33455, my addr: 1, speed : 0.000000000000000
rte yg akan di update
pointer ke rte, buat nampung sementara
seqnum tdk sama, seqnum baru


DSDV_Agent::recv
myaddr_: 1


DSDV_Agent::updateRoute
time: 134.69262, my addr: 2, speed : 0.000000000000000


DSDV_Agent::processUpdate
ini fungsi untuk update RoutingTable di setiap node, menggunakan algoritma djikstra
time: 134.69262, my addr: 2, speed : 0.000000000000000
rte yg akan di update
pointer ke rte, buat nampung sementara
seqnum tdk sama, seqnum baru
seqnum tdk sama, seqnum baru


DSDV_Agent::recv
myaddr_: 2


DSDV_Agent::updateRoute
time: 139.17286, my addr: 2, speed : 0.000000000000000


DSDV_Agent::processUpdate
ini fungsi untuk update RoutingTable di setiap node, menggunakan algoritma djikstra
time: 139.17286, my addr: 2, speed : 0.000000000000000
rte yg akan di update
pointer ke rte, buat nampung sementara
seqnum tdk sama, seqnum baru
seqnum tdk sama, seqnum baru


DSDV_Agent::recv
myaddr_: 2


DSDV_Agent::updateRoute
time: 143.20918, my addr: 0, speed : 0.000000000000000


DSDV_Agent::updateRoute
time: 143.20918, my addr: 0, speed : 0.000000000000000


DSDV_Agent::processUpdate
ini fungsi untuk update RoutingTable di setiap node, menggunakan algoritma djikstra
time: 143.20918, my addr: 0, speed : 0.000000000000000
rte yg akan di update
pointer ke rte, buat nampung sementara
seqnum tdk sama, seqnum baru
seqnum tdk sama, seqnum baru


DSDV_Agent::recv
myaddr_: 0


DSDV_Agent::updateRoute
time: 143.20918, my addr: 1, speed : 0.000000000000000


DSDV_Agent::updateRoute
time: 143.20918, my addr: 1, speed : 0.000000000000000


DSDV_Agent::processUpdate
ini fungsi untuk update RoutingTable di setiap node, menggunakan algoritma djikstra
time: 143.20918, my addr: 1, speed : 0.000000000000000
rte yg akan di update
pointer ke rte, buat nampung sementara
seqnum tdk sama, seqnum baru
seqnum tdk sama, seqnum baru


DSDV_Agent::recv
myaddr_: 1


DSDV_Agent::updateRoute
time: 147.66738, my addr: 2, speed : 0.000000000000000


DSDV_Agent::processUpdate
ini fungsi untuk update RoutingTable di setiap node, menggunakan algoritma djikstra
time: 147.66738, my addr: 2, speed : 0.000000000000000
rte yg akan di update
pointer ke rte, buat nampung sementara
seqnum tdk sama, seqnum baru


DSDV_Agent::recv
myaddr_: 2

 
 DSDV_Agent::helper_callback

 periodic_callback
meletakkan periodic update ke queue untuk waktu selanjutnya 

 
 DSDV_Agent::helper_callback

 periodic_callback
meletakkan periodic update ke queue untuk waktu selanjutnya 

 
 DSDV_Agent::helper_callback

 periodic_callback
meletakkan periodic update ke queue untuk waktu selanjutnya 

 
 DSDV_Agent::helper_callback

 periodic_callback
meletakkan periodic update ke queue untuk waktu selanjutnya 

 
 DSDV_Agent::helper_callback

 periodic_callback
meletakkan periodic update ke queue untuk waktu selanjutnya 

 
 DSDV_Agent::helper_callback

 periodic_callback
meletakkan periodic update ke queue untuk waktu selanjutnya 

 
 DSDV_Agent::helper_callback

 periodic_callback
meletakkan periodic update ke queue untuk waktu selanjutnya 

 
 DSDV_Agent::helper_callback

 periodic_callback
meletakkan periodic update ke queue untuk waktu selanjutnya 

 
 DSDV_Agent::helper_callback

 periodic_callback
meletakkan periodic update ke queue untuk waktu selanjutnya 

 
 DSDV_Agent::helper_callback

 periodic_callback
meletakkan periodic update ke queue untuk waktu selanjutnya 

 
 DSDV_Agent::helper_callback

 periodic_callback
meletakkan periodic update ke queue untuk waktu selanjutnya 

 
 DSDV_Agent::helper_callback

 periodic_callback
meletakkan periodic update ke queue untuk waktu selanjutnya 

 
 DSDV_Agent::helper_callback

 periodic_callback
meletakkan periodic update ke queue untuk waktu selanjutnya 

 
 DSDV_Agent::helper_callback

 periodic_callback
meletakkan periodic update ke queue untuk waktu selanjutnya 

 
 DSDV_Agent::helper_callback

 periodic_callback
meletakkan periodic update ke queue untuk waktu selanjutnya 

 
 DSDV_Agent::helper_callback

 periodic_callback
meletakkan periodic update ke queue untuk waktu selanjutnya 

 
 DSDV_Agent::helper_callback

 periodic_callback
meletakkan periodic update ke queue untuk waktu selanjutnya 

 
 DSDV_Agent::helper_callback

 periodic_callback
meletakkan periodic update ke queue untuk waktu selanjutnya 

 
 DSDV_Agent::helper_callback

 periodic_callback
meletakkan periodic update ke queue untuk waktu selanjutnya 

 
 DSDV_Agent::helper_callback

 periodic_callback
meletakkan periodic update ke queue untuk waktu selanjutnya 

 
 DSDV_Agent::helper_callback

 periodic_callback
meletakkan periodic update ke queue untuk waktu selanjutnya 

 
 DSDV_Agent::helper_callback

 periodic_callback
meletakkan periodic update ke queue untuk waktu selanjutnya 

 
 DSDV_Agent::helper_callback

 periodic_callback
meletakkan periodic update ke queue untuk waktu selanjutnya 

 
 DSDV_Agent::helper_callback

 periodic_callback
meletakkan periodic update ke queue untuk waktu selanjutnya 

 
 DSDV_Agent::helper_callback

 periodic_callback
meletakkan periodic update ke queue untuk waktu selanjutnya 

 
 DSDV_Agent::helper_callback

 periodic_callback
meletakkan periodic update ke queue untuk waktu selanjutnya 

 
 DSDV_Agent::helper_callback

 periodic_callback
meletakkan periodic update ke queue untuk waktu selanjutnya 

 
 DSDV_Agent::helper_callback

 periodic_callback
meletakkan periodic update ke queue untuk waktu selanjutnya 

 
 DSDV_Agent::helper_callback

 periodic_callback
meletakkan periodic update ke queue untuk waktu selanjutnya 

 
 DSDV_Agent::helper_callback

 periodic_callback
meletakkan periodic update ke queue untuk waktu selanjutnya 


DSDVTriggerHandler::handle

 line 196
 line 200
 line 205
 line 212
 line 213
 
 DSDV_Agent::helper_callback

 periodic_callback
meletakkan periodic update ke queue untuk waktu selanjutnya 

 
 DSDV_Agent::helper_callback

 periodic_callback
meletakkan periodic update ke queue untuk waktu selanjutnya 

 
 DSDV_Agent::helper_callback

 periodic_callback
meletakkan periodic update ke queue untuk waktu selanjutnya 

 
 DSDV_Agent::helper_callback

 periodic_callback
meletakkan periodic update ke queue untuk waktu selanjutnya 

 
 DSDV_Agent::helper_callback

 periodic_callback
meletakkan periodic update ke queue untuk waktu selanjutnya 

 
 DSDV_Agent::helper_callback

 periodic_callback
meletakkan periodic update ke queue untuk waktu selanjutnya 
