skenario40ms/skenario1
Loading connection pattern...
Loading scenario file...
Starting Simulation...
NS EXITING...
num_nodes is set 30
channel.cc:sendUp - Calc highestAntennaZ_ and distCST_
highestAntennaZ_ = 1.5,  distCST_ = 400.0
skenario40ms/skenario2
Loading connection pattern...
Loading scenario file...
Starting Simulation...
skenario40ms/skenario3
Loading connection pattern...
Loading scenario file...
Starting Simulation...
NS EXITING...
num_nodes is set 30
channel.cc:sendUp - Calc highestAntennaZ_ and distCST_
highestAntennaZ_ = 1.5,  distCST_ = 400.0
skenario40ms/skenario4
Loading connection pattern...
Loading scenario file...
Starting Simulation...
NS EXITING...
num_nodes is set 30
channel.cc:sendUp - Calc highestAntennaZ_ and distCST_
highestAntennaZ_ = 1.5,  distCST_ = 400.0
skenario40ms/skenario5
Loading connection pattern...
Loading scenario file...
Starting Simulation...
skenario40ms/skenario6
Loading connection pattern...
Loading scenario file...
Starting Simulation...
NS EXITING...
num_nodes is set 30
channel.cc:sendUp - Calc highestAntennaZ_ and distCST_
highestAntennaZ_ = 1.5,  distCST_ = 400.0
skenario40ms/skenario7
Loading connection pattern...
Loading scenario file...
Starting Simulation...
NS EXITING...
num_nodes is set 30
channel.cc:sendUp - Calc highestAntennaZ_ and distCST_
highestAntennaZ_ = 1.5,  distCST_ = 400.0
skenario40ms/skenario8
Loading connection pattern...
Loading scenario file...
Starting Simulation...
skenario40ms/skenario9
Loading connection pattern...
Loading scenario file...
Starting Simulation...
skenario40ms/skenario10
Loading connection pattern...
Loading scenario file...
Starting Simulation...
