
 
 DSDV_Agent::startUp 
Speed : 0.000000 
 speed : 0.000000000000000

 
 DSDV_Agent::startUp 
Speed : 0.000000 
 speed : 0.000000000000000

 
 DSDV_Agent::startUp 
Speed : 0.000000 
 speed : 0.000000000000000


DSDV_Agent::recv
myaddr_: 0
jika src = 0 adalah ipku 0 dan forward 


DSDV_Agent::recv
myaddr_: 0
jika src = 0 adalah ipku 0 dan forward 


DSDV_Agent::recv
myaddr_: 0
jika src = 0 adalah ipku 0 dan forward 


DSDV_Agent::updateRoute
time: 25.37053, my addr: 2, speed : 0.000000000000000


DSDV_Agent::needTriggeredUpdate
myaddr_: 2
time: 25.37053, my addr: 2, speed : 0.000000000000000


DSDV_Agent::processUpdate
time: 25.37053, my addr: 2, speed : 0.000000000000000


DSDV_Agent::recv
myaddr_: 2


DSDV_Agent::updateRoute
time: 26.38750, my addr: 0, speed : 3.000000000000000


DSDV_Agent::needTriggeredUpdate
myaddr_: 0
time: 26.38750, my addr: 0, speed : 3.000000000000000


DSDV_Agent::processUpdate
time: 26.38750, my addr: 0, speed : 3.000000000000000


DSDV_Agent::recv
myaddr_: 0


DSDV_Agent::recv
myaddr_: 0
jika src = 0 adalah ipku 0 dan forward 


DSDVTriggerHandler::handle


DSDV_Agent::processUpdate
time: 37.38102, my addr: 0, speed : 3.000000000000000


DSDV_Agent::recv
myaddr_: 0


DSDV_Agent::updateRoute
time: 37.38102, my addr: 1, speed : 5.000000000000000


DSDV_Agent::needTriggeredUpdate
myaddr_: 1
time: 37.38102, my addr: 1, speed : 5.000000000000000


DSDV_Agent::updateRoute
time: 37.38102, my addr: 1, speed : 5.000000000000000


DSDV_Agent::processUpdate
time: 37.38102, my addr: 1, speed : 5.000000000000000


DSDV_Agent::recv
myaddr_: 1


DSDV_Agent::updateRoute
time: 37.42705, my addr: 2, speed : 0.000000000000000


DSDV_Agent::processUpdate
time: 37.42705, my addr: 2, speed : 0.000000000000000


DSDV_Agent::recv
myaddr_: 2


DSDV_Agent::cancelTriggersBefore


DSDVTriggerHandler::handle


DSDV_Agent::processUpdate
time: 38.42753, my addr: 2, speed : 0.000000000000000


DSDV_Agent::recv
myaddr_: 2


DSDV_Agent::updateRoute
time: 40.04698, my addr: 2, speed : 0.000000000000000


DSDV_Agent::needTriggeredUpdate
myaddr_: 2
time: 40.04698, my addr: 2, speed : 0.000000000000000


DSDV_Agent::processUpdate
time: 40.04698, my addr: 2, speed : 0.000000000000000


DSDV_Agent::recv
myaddr_: 2


DSDV_Agent::updateRoute
time: 40.49459, my addr: 0, speed : 3.000000000000000


DSDV_Agent::processUpdate
time: 40.49459, my addr: 0, speed : 3.000000000000000


DSDV_Agent::recv
myaddr_: 0


DSDV_Agent::updateRoute
time: 40.49459, my addr: 1, speed : 5.000000000000000


DSDV_Agent::processUpdate
time: 40.49459, my addr: 1, speed : 5.000000000000000


DSDV_Agent::recv
myaddr_: 1


DSDV_Agent::updateRoute
time: 48.71882, my addr: 2, speed : 0.000000000000000


DSDV_Agent::processUpdate
time: 48.71882, my addr: 2, speed : 0.000000000000000


DSDV_Agent::recv
myaddr_: 2


DSDVTriggerHandler::handle


DSDV_Agent::processUpdate
time: 49.38438, my addr: 2, speed : 0.000000000000000


DSDV_Agent::recv
myaddr_: 2


DSDVTriggerHandler::handle


DSDV_Agent::updateRoute
time: 52.05786, my addr: 0, speed : 3.000000000000000


DSDV_Agent::forwardPacket
ini fungsi forward paket 
destination : 1 


DSDV_Agent::recv
myaddr_: 0
jika src = 0 adalah ipku 0 dan forward 


DSDV_Agent::forwardPacket
ini fungsi forward paket 
destination : 1 


DSDV_Agent::recv
myaddr_: 0
jika src = 0 adalah ipku 0 dan forward 


DSDV_Agent::forwardPacket
ini fungsi forward paket 
destination : 1 


DSDV_Agent::recv
myaddr_: 0
jika src = 0 adalah ipku 0 dan forward 


DSDV_Agent::forwardPacket
ini fungsi forward paket 
destination : 1 


DSDV_Agent::recv
myaddr_: 0
jika src = 0 adalah ipku 0 dan forward 


DSDV_Agent::processUpdate
time: 52.05786, my addr: 0, speed : 3.000000000000000
recv : give the packets to ourselves to forward


DSDV_Agent::recv
myaddr_: 0


DSDV_Agent::processUpdate
time: 52.05786, my addr: 1, speed : 5.000000000000000


DSDV_Agent::recv
myaddr_: 1


DSDV_Agent::updateRoute
time: 53.33375, my addr: 2, speed : 0.000000000000000


DSDV_Agent::processUpdate
time: 53.33375, my addr: 2, speed : 0.000000000000000


DSDV_Agent::recv
myaddr_: 2


DSDV_Agent::updateRoute
time: 53.33970, my addr: 0, speed : 3.000000000000000


DSDV_Agent::processUpdate
time: 53.33970, my addr: 0, speed : 3.000000000000000


DSDV_Agent::recv
myaddr_: 0


DSDV_Agent::updateRoute
time: 53.33970, my addr: 1, speed : 5.000000000000000


DSDV_Agent::processUpdate
time: 53.33970, my addr: 1, speed : 5.000000000000000


DSDV_Agent::recv
myaddr_: 1


DSDV_Agent::forwardPacket
ini fungsi forward paket 
destination : 1 


DSDV_Agent::recv
myaddr_: 0
jika src = 0 adalah ipku 0 dan forward 


DSDV_Agent::updateRoute
time: 62.91795, my addr: 2, speed : 0.000000000000000


DSDV_Agent::processUpdate
time: 62.91795, my addr: 2, speed : 0.000000000000000


DSDV_Agent::recv
myaddr_: 2


DSDV_Agent::updateRoute
time: 62.91795, my addr: 1, speed : 5.000000000000000


DSDV_Agent::processUpdate
time: 62.91795, my addr: 1, speed : 5.000000000000000


DSDV_Agent::recv
myaddr_: 1


DSDV_Agent::updateRoute
time: 64.92475, my addr: 1, speed : 5.000000000000000


DSDV_Agent::processUpdate
time: 64.92475, my addr: 1, speed : 5.000000000000000


DSDV_Agent::recv
myaddr_: 1


DSDV_Agent::updateRoute
time: 64.92475, my addr: 0, speed : 3.000000000000000


DSDV_Agent::updateRoute
time: 64.92475, my addr: 0, speed : 3.000000000000000


DSDV_Agent::processUpdate
time: 64.92475, my addr: 0, speed : 3.000000000000000


DSDV_Agent::recv
myaddr_: 0


DSDV_Agent::updateRoute
time: 67.83514, my addr: 2, speed : 0.000000000000000


DSDV_Agent::processUpdate
time: 67.83514, my addr: 2, speed : 0.000000000000000


DSDV_Agent::recv
myaddr_: 2


DSDV_Agent::updateRoute
time: 67.83514, my addr: 0, speed : 3.000000000000000


DSDV_Agent::processUpdate
time: 67.83514, my addr: 0, speed : 3.000000000000000


DSDV_Agent::recv
myaddr_: 0


DSDV_Agent::updateRoute
time: 77.44651, my addr: 2, speed : 0.000000000000000


DSDV_Agent::processUpdate
time: 77.44651, my addr: 2, speed : 0.000000000000000


DSDV_Agent::recv
myaddr_: 2


DSDV_Agent::updateRoute
time: 77.44651, my addr: 1, speed : 5.000000000000000


DSDV_Agent::processUpdate
time: 77.44651, my addr: 1, speed : 5.000000000000000


DSDV_Agent::recv
myaddr_: 1


DSDV_Agent::updateRoute
time: 77.50511, my addr: 1, speed : 5.000000000000000


DSDV_Agent::processUpdate
time: 77.50511, my addr: 1, speed : 5.000000000000000


DSDV_Agent::recv
myaddr_: 1


DSDV_Agent::updateRoute
time: 77.50511, my addr: 0, speed : 3.000000000000000


DSDV_Agent::processUpdate
time: 77.50511, my addr: 0, speed : 3.000000000000000


DSDV_Agent::recv
myaddr_: 0


DSDV_Agent::updateRoute
time: 81.56910, my addr: 2, speed : 0.000000000000000


DSDV_Agent::processUpdate
time: 81.56910, my addr: 2, speed : 0.000000000000000


DSDV_Agent::recv
myaddr_: 2


DSDV_Agent::updateRoute
time: 81.56910, my addr: 0, speed : 3.000000000000000


DSDV_Agent::processUpdate
time: 81.56910, my addr: 0, speed : 3.000000000000000


DSDV_Agent::recv
myaddr_: 0


DSDV_Agent::updateRoute
time: 90.10062, my addr: 2, speed : 0.000000000000000


DSDV_Agent::processUpdate
time: 90.10062, my addr: 2, speed : 0.000000000000000


DSDV_Agent::recv
myaddr_: 2


DSDV_Agent::updateRoute
time: 90.10062, my addr: 1, speed : 5.000000000000000


DSDV_Agent::processUpdate
time: 90.10062, my addr: 1, speed : 5.000000000000000


DSDV_Agent::recv
myaddr_: 1


DSDV_Agent::updateRoute
time: 91.36067, my addr: 1, speed : 5.000000000000000


DSDV_Agent::processUpdate
time: 91.36067, my addr: 1, speed : 5.000000000000000


DSDV_Agent::recv
myaddr_: 1


DSDV_Agent::updateRoute
time: 91.36067, my addr: 0, speed : 3.000000000000000


DSDV_Agent::processUpdate
time: 91.36067, my addr: 0, speed : 3.000000000000000


DSDV_Agent::recv
myaddr_: 0


DSDV_Agent::updateRoute
time: 93.96414, my addr: 2, speed : 0.000000000000000


DSDV_Agent::processUpdate
time: 93.96414, my addr: 2, speed : 0.000000000000000


DSDV_Agent::recv
myaddr_: 2


DSDV_Agent::updateRoute
time: 93.96414, my addr: 0, speed : 3.000000000000000


DSDV_Agent::processUpdate
time: 93.96414, my addr: 0, speed : 3.000000000000000


DSDV_Agent::recv
myaddr_: 0


DSDV_Agent::forwardPacket
ini fungsi forward paket 
destination : 1 
Else maka : next_hop_ = 1 


DSDV_Agent::recv
myaddr_: 0
jika src = 0 adalah ipku 0 dan forward 


DSDV_Agent::updateRoute
time: 104.64629, my addr: 2, speed : 0.000000000000000


DSDV_Agent::processUpdate
time: 104.64629, my addr: 2, speed : 0.000000000000000


DSDV_Agent::recv
myaddr_: 2


DSDV_Agent::updateRoute
time: 104.64629, my addr: 1, speed : 5.000000000000000


DSDV_Agent::processUpdate
time: 104.64629, my addr: 1, speed : 5.000000000000000


DSDV_Agent::recv
myaddr_: 1


DSDV_Agent::updateRoute
time: 105.45158, my addr: 0, speed : 3.000000000000000


DSDV_Agent::processUpdate
time: 105.45158, my addr: 0, speed : 3.000000000000000


DSDV_Agent::recv
myaddr_: 0


DSDV_Agent::updateRoute
time: 105.45158, my addr: 1, speed : 5.000000000000000


DSDV_Agent::processUpdate
time: 105.45158, my addr: 1, speed : 5.000000000000000


DSDV_Agent::recv
myaddr_: 1


DSDV_Agent::updateRoute
time: 106.90568, my addr: 2, speed : 0.000000000000000


DSDV_Agent::processUpdate
time: 106.90568, my addr: 2, speed : 0.000000000000000


DSDV_Agent::recv
myaddr_: 2


DSDV_Agent::updateRoute
time: 106.90568, my addr: 0, speed : 3.000000000000000


DSDV_Agent::processUpdate
time: 106.90568, my addr: 0, speed : 3.000000000000000


DSDV_Agent::recv
myaddr_: 0


DSDV_Agent::updateRoute
time: 117.50190, my addr: 0, speed : 5.000000000000000


DSDV_Agent::processUpdate
time: 117.50190, my addr: 0, speed : 5.000000000000000


DSDV_Agent::recv
myaddr_: 0


DSDV_Agent::updateRoute
time: 117.50190, my addr: 1, speed : 5.000000000000000


DSDV_Agent::processUpdate
time: 117.50190, my addr: 1, speed : 5.000000000000000


DSDV_Agent::recv
myaddr_: 1


DSDV_Agent::updateRoute
time: 117.53184, my addr: 2, speed : 0.000000000000000


DSDV_Agent::processUpdate
time: 117.53184, my addr: 2, speed : 0.000000000000000


DSDV_Agent::recv
myaddr_: 2


DSDV_Agent::updateRoute
time: 117.53184, my addr: 1, speed : 5.000000000000000


DSDV_Agent::processUpdate
time: 117.53184, my addr: 1, speed : 5.000000000000000


DSDV_Agent::recv
myaddr_: 1


DSDV_Agent::updateRoute
time: 120.91619, my addr: 2, speed : 0.000000000000000


DSDV_Agent::processUpdate
time: 120.91619, my addr: 2, speed : 0.000000000000000


DSDV_Agent::recv
myaddr_: 2


DSDV_Agent::updateRoute
time: 120.91619, my addr: 0, speed : 5.000000000000000


DSDV_Agent::processUpdate
time: 120.91619, my addr: 0, speed : 5.000000000000000


DSDV_Agent::recv
myaddr_: 0


DSDV_Agent::updateRoute
time: 129.44443, my addr: 2, speed : 0.000000000000000


DSDV_Agent::processUpdate
time: 129.44443, my addr: 2, speed : 0.000000000000000


DSDV_Agent::recv
myaddr_: 2


DSDV_Agent::updateRoute
time: 131.94068, my addr: 1, speed : 5.000000000000000


DSDV_Agent::processUpdate
time: 131.94068, my addr: 1, speed : 5.000000000000000


DSDV_Agent::recv
myaddr_: 1


DSDV_Agent::updateRoute
time: 131.94068, my addr: 0, speed : 5.000000000000000


DSDV_Agent::processUpdate
time: 131.94068, my addr: 0, speed : 5.000000000000000


DSDV_Agent::recv
myaddr_: 0


DSDV_Agent::updateRoute
time: 134.81322, my addr: 2, speed : 0.000000000000000


DSDV_Agent::processUpdate
time: 134.81322, my addr: 2, speed : 0.000000000000000


DSDV_Agent::recv
myaddr_: 2


DSDV_Agent::updateRoute
time: 141.97011, my addr: 2, speed : 0.000000000000000


DSDV_Agent::processUpdate
time: 141.97011, my addr: 2, speed : 0.000000000000000


DSDV_Agent::recv
myaddr_: 2


DSDV_Agent::updateRoute
time: 144.04576, my addr: 1, speed : 5.000000000000000


DSDV_Agent::processUpdate
time: 144.04576, my addr: 1, speed : 5.000000000000000


DSDV_Agent::recv
myaddr_: 1


DSDV_Agent::updateRoute
time: 144.04576, my addr: 0, speed : 5.000000000000000


DSDV_Agent::updateRoute
time: 144.04576, my addr: 0, speed : 5.000000000000000


DSDV_Agent::processUpdate
time: 144.04576, my addr: 0, speed : 5.000000000000000


DSDV_Agent::recv
myaddr_: 0


DSDV_Agent::updateRoute
time: 149.44607, my addr: 2, speed : 0.000000000000000


DSDV_Agent::processUpdate
time: 149.44607, my addr: 2, speed : 0.000000000000000


DSDV_Agent::recv
myaddr_: 2

 
 DSDV_Agent::helper_callback

 
 DSDV_Agent::helper_callback

 
 DSDV_Agent::helper_callback

 
 DSDV_Agent::helper_callback

 
 DSDV_Agent::helper_callback

 
 DSDV_Agent::helper_callback

 
 DSDV_Agent::helper_callback

 
 DSDV_Agent::helper_callback

 
 DSDV_Agent::helper_callback

 
 DSDV_Agent::helper_callback

 
 DSDV_Agent::helper_callback

 
 DSDV_Agent::helper_callback

 
 DSDV_Agent::helper_callback

 
 DSDV_Agent::helper_callback

 
 DSDV_Agent::helper_callback

 
 DSDV_Agent::helper_callback

 
 DSDV_Agent::helper_callback

 
 DSDV_Agent::helper_callback

 
 DSDV_Agent::helper_callback

 
 DSDV_Agent::helper_callback

 
 DSDV_Agent::helper_callback

 
 DSDV_Agent::helper_callback

 
 DSDV_Agent::helper_callback

 
 DSDV_Agent::helper_callback

 
 DSDV_Agent::helper_callback

 
 DSDV_Agent::helper_callback


DSDVTriggerHandler::handle

 
 DSDV_Agent::helper_callback


DSDV_Agent::forwardPacket
ini fungsi forward paket 
destination : 1 

 
 DSDV_Agent::helper_callback

 
 DSDV_Agent::helper_callback

 
 DSDV_Agent::helper_callback


DSDV_Agent::forwardPacket
ini fungsi forward paket 
destination : 1 

 
 DSDV_Agent::helper_callback

 
 DSDV_Agent::helper_callback


DSDV_Agent::forwardPacket
ini fungsi forward paket 
destination : 1 

 
 DSDV_Agent::helper_callback


DSDV_Agent::forwardPacket
ini fungsi forward paket 
destination : 1 

 
 DSDV_Agent::helper_callback

 
 DSDV_Agent::helper_callback

 
 DSDV_Agent::helper_callback

 
 DSDV_Agent::startUp 

 line 1394 
time now = 0.00000 , myaddr: 0 , speed : 0.000000000000000

 line 1426

 line 1427 

 line 1452

 line 1459 

 line 1460
 
 DSDV_Agent::startUp 

 line 1394 
time now = 0.00000 , myaddr: 1 , speed : 0.000000000000000

 line 1426

 line 1427 

 line 1452

 line 1459 

 line 1460
 
 DSDV_Agent::startUp 

 line 1394 
time now = 0.00000 , myaddr: 2 , speed : 0.000000000000000

 line 1426

 line 1427 

 line 1452

 line 1459 

 line 1460

DSDV_Agent::recv
myaddr_: 0
jika src = 0 adalah ipku 0 dan forward 


DSDV_Agent::recv
myaddr_: 0
jika src = 0 adalah ipku 0 dan forward 


DSDV_Agent::recv
myaddr_: 0
jika src = 0 adalah ipku 0 dan forward 


DSDV_Agent::updateRoute
time: 25.37053, my addr: 2, speed : 0.000000000000000


DSDV_Agent::needTriggeredUpdate
myaddr_: 2
time: 25.37053, my addr: 2, speed : 0.000000000000000


DSDV_Agent::processUpdate
time: 25.37053, my addr: 2, speed : 0.000000000000000


DSDV_Agent::recv
myaddr_: 2


DSDV_Agent::updateRoute
time: 26.38750, my addr: 0, speed : 3.000000000000000


DSDV_Agent::needTriggeredUpdate
myaddr_: 0
time: 26.38750, my addr: 0, speed : 3.000000000000000


DSDV_Agent::processUpdate
time: 26.38750, my addr: 0, speed : 3.000000000000000


DSDV_Agent::recv
myaddr_: 0


DSDV_Agent::recv
myaddr_: 0
jika src = 0 adalah ipku 0 dan forward 


DSDVTriggerHandler::handle

 line 196
 line 200
 line 205
 line 217
 line 218
 line 243

DSDV_Agent::processUpdate
time: 37.38102, my addr: 0, speed : 3.000000000000000


DSDV_Agent::recv
myaddr_: 0


DSDV_Agent::updateRoute
time: 37.38102, my addr: 1, speed : 5.000000000000000


DSDV_Agent::needTriggeredUpdate
myaddr_: 1
time: 37.38102, my addr: 1, speed : 5.000000000000000


DSDV_Agent::updateRoute
time: 37.38102, my addr: 1, speed : 5.000000000000000


DSDV_Agent::processUpdate
time: 37.38102, my addr: 1, speed : 5.000000000000000


DSDV_Agent::recv
myaddr_: 1


DSDV_Agent::updateRoute
time: 37.42705, my addr: 2, speed : 0.000000000000000


DSDV_Agent::processUpdate
time: 37.42705, my addr: 2, speed : 0.000000000000000


DSDV_Agent::recv
myaddr_: 2


DSDV_Agent::cancelTriggersBefore


DSDVTriggerHandler::handle

 line 196
 line 200
 line 205
 line 217
 line 218
 line 243

DSDV_Agent::processUpdate
time: 38.42753, my addr: 2, speed : 0.000000000000000


DSDV_Agent::recv
myaddr_: 2


DSDV_Agent::updateRoute
time: 40.04698, my addr: 2, speed : 0.000000000000000


DSDV_Agent::needTriggeredUpdate
myaddr_: 2
time: 40.04698, my addr: 2, speed : 0.000000000000000


DSDV_Agent::processUpdate
time: 40.04698, my addr: 2, speed : 0.000000000000000


DSDV_Agent::recv
myaddr_: 2


DSDV_Agent::updateRoute
time: 40.49459, my addr: 0, speed : 3.000000000000000


DSDV_Agent::processUpdate
time: 40.49459, my addr: 0, speed : 3.000000000000000


DSDV_Agent::recv
myaddr_: 0


DSDV_Agent::updateRoute
time: 40.49459, my addr: 1, speed : 5.000000000000000


DSDV_Agent::processUpdate
time: 40.49459, my addr: 1, speed : 5.000000000000000


DSDV_Agent::recv
myaddr_: 1


DSDV_Agent::updateRoute
time: 48.71882, my addr: 2, speed : 0.000000000000000


DSDV_Agent::processUpdate
time: 48.71882, my addr: 2, speed : 0.000000000000000


DSDV_Agent::recv
myaddr_: 2


DSDVTriggerHandler::handle

 line 196
 line 200
 line 205
 line 217
 line 218
 line 243

DSDV_Agent::processUpdate
time: 49.38438, my addr: 2, speed : 0.000000000000000


DSDV_Agent::recv
myaddr_: 2


DSDVTriggerHandler::handle

 line 196
 line 200
 line 205
 line 217
 line 218
 line 243

DSDV_Agent::updateRoute
time: 52.05786, my addr: 0, speed : 3.000000000000000


DSDV_Agent::forwardPacket
ini fungsi forward paket 
destination : 1 


DSDV_Agent::recv
myaddr_: 0
jika src = 0 adalah ipku 0 dan forward 


DSDV_Agent::forwardPacket
ini fungsi forward paket 
destination : 1 


DSDV_Agent::recv
myaddr_: 0
jika src = 0 adalah ipku 0 dan forward 


DSDV_Agent::forwardPacket
ini fungsi forward paket 
destination : 1 


DSDV_Agent::recv
myaddr_: 0
jika src = 0 adalah ipku 0 dan forward 


DSDV_Agent::forwardPacket
ini fungsi forward paket 
destination : 1 


DSDV_Agent::recv
myaddr_: 0
jika src = 0 adalah ipku 0 dan forward 


DSDV_Agent::processUpdate
time: 52.05786, my addr: 0, speed : 3.000000000000000
recv : give the packets to ourselves to forward


DSDV_Agent::recv
myaddr_: 0


DSDV_Agent::processUpdate
time: 52.05786, my addr: 1, speed : 5.000000000000000


DSDV_Agent::recv
myaddr_: 1


DSDV_Agent::updateRoute
time: 53.33375, my addr: 2, speed : 0.000000000000000


DSDV_Agent::processUpdate
time: 53.33375, my addr: 2, speed : 0.000000000000000


DSDV_Agent::recv
myaddr_: 2


DSDV_Agent::updateRoute
time: 53.33970, my addr: 0, speed : 3.000000000000000


DSDV_Agent::processUpdate
time: 53.33970, my addr: 0, speed : 3.000000000000000


DSDV_Agent::recv
myaddr_: 0


DSDV_Agent::updateRoute
time: 53.33970, my addr: 1, speed : 5.000000000000000


DSDV_Agent::processUpdate
time: 53.33970, my addr: 1, speed : 5.000000000000000


DSDV_Agent::recv
myaddr_: 1


DSDV_Agent::forwardPacket
ini fungsi forward paket 
destination : 1 


DSDV_Agent::recv
myaddr_: 0
jika src = 0 adalah ipku 0 dan forward 


DSDV_Agent::updateRoute
time: 62.91795, my addr: 2, speed : 0.000000000000000


DSDV_Agent::processUpdate
time: 62.91795, my addr: 2, speed : 0.000000000000000


DSDV_Agent::recv
myaddr_: 2


DSDV_Agent::updateRoute
time: 62.91795, my addr: 1, speed : 5.000000000000000


DSDV_Agent::processUpdate
time: 62.91795, my addr: 1, speed : 5.000000000000000


DSDV_Agent::recv
myaddr_: 1


DSDV_Agent::updateRoute
time: 64.92475, my addr: 1, speed : 5.000000000000000


DSDV_Agent::processUpdate
time: 64.92475, my addr: 1, speed : 5.000000000000000


DSDV_Agent::recv
myaddr_: 1


DSDV_Agent::updateRoute
time: 64.92475, my addr: 0, speed : 3.000000000000000


DSDV_Agent::updateRoute
time: 64.92475, my addr: 0, speed : 3.000000000000000


DSDV_Agent::processUpdate
time: 64.92475, my addr: 0, speed : 3.000000000000000


DSDV_Agent::recv
myaddr_: 0


DSDV_Agent::updateRoute
time: 67.83514, my addr: 2, speed : 0.000000000000000


DSDV_Agent::processUpdate
time: 67.83514, my addr: 2, speed : 0.000000000000000


DSDV_Agent::recv
myaddr_: 2


DSDV_Agent::updateRoute
time: 67.83514, my addr: 0, speed : 3.000000000000000


DSDV_Agent::processUpdate
time: 67.83514, my addr: 0, speed : 3.000000000000000


DSDV_Agent::recv
myaddr_: 0


DSDV_Agent::updateRoute
time: 77.44651, my addr: 2, speed : 0.000000000000000


DSDV_Agent::processUpdate
time: 77.44651, my addr: 2, speed : 0.000000000000000


DSDV_Agent::recv
myaddr_: 2


DSDV_Agent::updateRoute
time: 77.44651, my addr: 1, speed : 5.000000000000000


DSDV_Agent::processUpdate
time: 77.44651, my addr: 1, speed : 5.000000000000000


DSDV_Agent::recv
myaddr_: 1


DSDV_Agent::updateRoute
time: 77.50511, my addr: 1, speed : 5.000000000000000


DSDV_Agent::processUpdate
time: 77.50511, my addr: 1, speed : 5.000000000000000


DSDV_Agent::recv
myaddr_: 1


DSDV_Agent::updateRoute
time: 77.50511, my addr: 0, speed : 3.000000000000000


DSDV_Agent::processUpdate
time: 77.50511, my addr: 0, speed : 3.000000000000000


DSDV_Agent::recv
myaddr_: 0


DSDV_Agent::updateRoute
time: 81.56910, my addr: 2, speed : 0.000000000000000


DSDV_Agent::processUpdate
time: 81.56910, my addr: 2, speed : 0.000000000000000


DSDV_Agent::recv
myaddr_: 2


DSDV_Agent::updateRoute
time: 81.56910, my addr: 0, speed : 3.000000000000000


DSDV_Agent::processUpdate
time: 81.56910, my addr: 0, speed : 3.000000000000000


DSDV_Agent::recv
myaddr_: 0


DSDV_Agent::updateRoute
time: 90.10062, my addr: 2, speed : 0.000000000000000


DSDV_Agent::processUpdate
time: 90.10062, my addr: 2, speed : 0.000000000000000


DSDV_Agent::recv
myaddr_: 2


DSDV_Agent::updateRoute
time: 90.10062, my addr: 1, speed : 5.000000000000000


DSDV_Agent::processUpdate
time: 90.10062, my addr: 1, speed : 5.000000000000000


DSDV_Agent::recv
myaddr_: 1


DSDV_Agent::updateRoute
time: 91.36067, my addr: 1, speed : 5.000000000000000


DSDV_Agent::processUpdate
time: 91.36067, my addr: 1, speed : 5.000000000000000


DSDV_Agent::recv
myaddr_: 1


DSDV_Agent::updateRoute
time: 91.36067, my addr: 0, speed : 3.000000000000000


DSDV_Agent::processUpdate
time: 91.36067, my addr: 0, speed : 3.000000000000000


DSDV_Agent::recv
myaddr_: 0


DSDV_Agent::updateRoute
time: 93.96414, my addr: 2, speed : 0.000000000000000


DSDV_Agent::processUpdate
time: 93.96414, my addr: 2, speed : 0.000000000000000


DSDV_Agent::recv
myaddr_: 2


DSDV_Agent::updateRoute
time: 93.96414, my addr: 0, speed : 3.000000000000000


DSDV_Agent::processUpdate
time: 93.96414, my addr: 0, speed : 3.000000000000000


DSDV_Agent::recv
myaddr_: 0


DSDV_Agent::forwardPacket
ini fungsi forward paket 
destination : 1 
Else maka : next_hop_ = 1 


DSDV_Agent::recv
myaddr_: 0
jika src = 0 adalah ipku 0 dan forward 


DSDV_Agent::updateRoute
time: 104.64629, my addr: 2, speed : 0.000000000000000


DSDV_Agent::processUpdate
time: 104.64629, my addr: 2, speed : 0.000000000000000


DSDV_Agent::recv
myaddr_: 2


DSDV_Agent::updateRoute
time: 104.64629, my addr: 1, speed : 5.000000000000000


DSDV_Agent::processUpdate
time: 104.64629, my addr: 1, speed : 5.000000000000000


DSDV_Agent::recv
myaddr_: 1


DSDV_Agent::updateRoute
time: 105.45158, my addr: 0, speed : 3.000000000000000


DSDV_Agent::processUpdate
time: 105.45158, my addr: 0, speed : 3.000000000000000


DSDV_Agent::recv
myaddr_: 0


DSDV_Agent::updateRoute
time: 105.45158, my addr: 1, speed : 5.000000000000000


DSDV_Agent::processUpdate
time: 105.45158, my addr: 1, speed : 5.000000000000000


DSDV_Agent::recv
myaddr_: 1


DSDV_Agent::updateRoute
time: 106.90568, my addr: 2, speed : 0.000000000000000


DSDV_Agent::processUpdate
time: 106.90568, my addr: 2, speed : 0.000000000000000


DSDV_Agent::recv
myaddr_: 2


DSDV_Agent::updateRoute
time: 106.90568, my addr: 0, speed : 3.000000000000000


DSDV_Agent::processUpdate
time: 106.90568, my addr: 0, speed : 3.000000000000000


DSDV_Agent::recv
myaddr_: 0


DSDV_Agent::updateRoute
time: 117.50190, my addr: 0, speed : 5.000000000000000


DSDV_Agent::processUpdate
time: 117.50190, my addr: 0, speed : 5.000000000000000


DSDV_Agent::recv
myaddr_: 0


DSDV_Agent::updateRoute
time: 117.50190, my addr: 1, speed : 5.000000000000000


DSDV_Agent::processUpdate
time: 117.50190, my addr: 1, speed : 5.000000000000000


DSDV_Agent::recv
myaddr_: 1


DSDV_Agent::updateRoute
time: 117.53184, my addr: 2, speed : 0.000000000000000


DSDV_Agent::processUpdate
time: 117.53184, my addr: 2, speed : 0.000000000000000


DSDV_Agent::recv
myaddr_: 2


DSDV_Agent::updateRoute
time: 117.53184, my addr: 1, speed : 5.000000000000000


DSDV_Agent::processUpdate
time: 117.53184, my addr: 1, speed : 5.000000000000000


DSDV_Agent::recv
myaddr_: 1


DSDV_Agent::updateRoute
time: 120.91619, my addr: 2, speed : 0.000000000000000


DSDV_Agent::processUpdate
time: 120.91619, my addr: 2, speed : 0.000000000000000


DSDV_Agent::recv
myaddr_: 2


DSDV_Agent::updateRoute
time: 120.91619, my addr: 0, speed : 5.000000000000000


DSDV_Agent::processUpdate
time: 120.91619, my addr: 0, speed : 5.000000000000000


DSDV_Agent::recv
myaddr_: 0


DSDV_Agent::updateRoute
time: 129.44443, my addr: 2, speed : 0.000000000000000


DSDV_Agent::processUpdate
time: 129.44443, my addr: 2, speed : 0.000000000000000


DSDV_Agent::recv
myaddr_: 2


DSDV_Agent::updateRoute
time: 131.94068, my addr: 1, speed : 5.000000000000000


DSDV_Agent::processUpdate
time: 131.94068, my addr: 1, speed : 5.000000000000000


DSDV_Agent::recv
myaddr_: 1


DSDV_Agent::updateRoute
time: 131.94068, my addr: 0, speed : 5.000000000000000


DSDV_Agent::processUpdate
time: 131.94068, my addr: 0, speed : 5.000000000000000


DSDV_Agent::recv
myaddr_: 0


DSDV_Agent::updateRoute
time: 134.81322, my addr: 2, speed : 0.000000000000000


DSDV_Agent::processUpdate
time: 134.81322, my addr: 2, speed : 0.000000000000000


DSDV_Agent::recv
myaddr_: 2


DSDV_Agent::updateRoute
time: 141.97011, my addr: 2, speed : 0.000000000000000


DSDV_Agent::processUpdate
time: 141.97011, my addr: 2, speed : 0.000000000000000


DSDV_Agent::recv
myaddr_: 2


DSDV_Agent::updateRoute
time: 144.04576, my addr: 1, speed : 5.000000000000000


DSDV_Agent::processUpdate
time: 144.04576, my addr: 1, speed : 5.000000000000000


DSDV_Agent::recv
myaddr_: 1


DSDV_Agent::updateRoute
time: 144.04576, my addr: 0, speed : 5.000000000000000


DSDV_Agent::updateRoute
time: 144.04576, my addr: 0, speed : 5.000000000000000


DSDV_Agent::processUpdate
time: 144.04576, my addr: 0, speed : 5.000000000000000


DSDV_Agent::recv
myaddr_: 0


DSDV_Agent::updateRoute
time: 149.44607, my addr: 2, speed : 0.000000000000000


DSDV_Agent::processUpdate
time: 149.44607, my addr: 2, speed : 0.000000000000000


DSDV_Agent::recv
myaddr_: 2

 line 83 

 line 83 

 
 DSDV_Agent::helper_callback

 periodic_callback

 line 83 

 line 83 

 
 DSDV_Agent::helper_callback

 periodic_callback

 line 83 

 line 83 

 
 DSDV_Agent::helper_callback

 periodic_callback

 line 83 

 line 83 

 
 DSDV_Agent::helper_callback

 periodic_callback

 line 83 

 line 83 

 
 DSDV_Agent::helper_callback

 periodic_callback

 line 83 

 line 83 

 
 DSDV_Agent::helper_callback

 periodic_callback

 line 83 

 line 83 

 
 DSDV_Agent::helper_callback

 periodic_callback

 line 83 

 line 83 

 
 DSDV_Agent::helper_callback

 periodic_callback

 line 83 

 line 83 

 
 DSDV_Agent::helper_callback

 periodic_callback

 line 83 

 line 83 

 
 DSDV_Agent::helper_callback

 periodic_callback

 line 83 

 line 83 

 
 DSDV_Agent::helper_callback

 periodic_callback

 line 83 

 line 83 

 
 DSDV_Agent::helper_callback

 periodic_callback

 line 83 

 line 83 

 
 DSDV_Agent::helper_callback

 periodic_callback

 line 83 

 line 83 

 
 DSDV_Agent::helper_callback

 periodic_callback

 line 83 

 line 83 

 
 DSDV_Agent::helper_callback

 periodic_callback

 line 83 

 line 83 

 
 DSDV_Agent::helper_callback

 periodic_callback

 line 83 

 line 83 

 
 DSDV_Agent::helper_callback

 periodic_callback

 line 83 

 line 83 

 
 DSDV_Agent::helper_callback

 periodic_callback

 line 83 

 line 83 

 
 DSDV_Agent::helper_callback

 periodic_callback

 line 83 

 line 83 

 
 DSDV_Agent::helper_callback

 periodic_callback

 line 83 

 line 83 

 
 DSDV_Agent::helper_callback

 periodic_callback

 line 83 

 line 83 

 
 DSDV_Agent::helper_callback

 periodic_callback

 line 83 

 line 83 

 
 DSDV_Agent::helper_callback

 periodic_callback

 line 83 

 line 83 

 line 83 

 line 83 

 
 DSDV_Agent::helper_callback

 periodic_callback

 line 83 

 line 83 

 
 DSDV_Agent::helper_callback

 periodic_callback

 line 83 

 line 83 

 
 DSDV_Agent::helper_callback

 periodic_callback

 line 83 


DSDVTriggerHandler::handle

 line 196
 line 200
 line 205
 line 212
 line 213
 line 83 

 line 83 

 
 DSDV_Agent::helper_callback

 periodic_callback

 line 83 


DSDV_Agent::forwardPacket
ini fungsi forward paket 
destination : 1 

 line 83 

 line 83 

 
 DSDV_Agent::helper_callback

 periodic_callback

 line 83 

 line 83 

 
 DSDV_Agent::helper_callback

 periodic_callback

 line 83 

 line 83 

 
 DSDV_Agent::helper_callback

 periodic_callback


DSDV_Agent::forwardPacket
ini fungsi forward paket 
destination : 1 

 line 83 

 line 83 

 
 DSDV_Agent::helper_callback

 periodic_callback

 line 83 

 line 83 

 
 DSDV_Agent::helper_callback

 periodic_callback


DSDV_Agent::forwardPacket
ini fungsi forward paket 
destination : 1 

 line 83 

 line 83 

 
 DSDV_Agent::helper_callback

 periodic_callback


DSDV_Agent::forwardPacket
ini fungsi forward paket 
destination : 1 

 line 83 

 line 83 

 
 DSDV_Agent::helper_callback

 periodic_callback

 line 83 

 line 83 

 
 DSDV_Agent::helper_callback

 periodic_callback

 line 83 

 line 83 

 
 DSDV_Agent::helper_callback

 periodic_callback

 line 83 

 line 83 

 line 83 
